E:\GITHUB\STARHUNTER\STARHUNTERSTM\STARHUNTER\SNK\RELEASE\STOPWATCH.OBJ
E:\GITHUB\STARHUNTER\STARHUNTERSTM\STARHUNTER\SNK\RELEASE\STMINPUTMANAGER.OBJ
E:\GITHUB\STARHUNTER\STARHUNTERSTM\STARHUNTER\SNK\RELEASE\STAR.OBJ
E:\GITHUB\STARHUNTER\STARHUNTERSTM\STARHUNTER\SNK\RELEASE\SPRITE.OBJ
E:\GITHUB\STARHUNTER\STARHUNTERSTM\STARHUNTER\SNK\RELEASE\SPACEBACKGROUND.OBJ
E:\GITHUB\STARHUNTER\STARHUNTERSTM\STARHUNTER\SNK\RELEASE\SOUND.OBJ
E:\GITHUB\STARHUNTER\STARHUNTERSTM\STARHUNTER\SNK\RELEASE\RESOURCESMANAGER.OBJ
E:\GITHUB\STARHUNTER\STARHUNTERSTM\STARHUNTER\SNK\RELEASE\PLAYER.OBJ
E:\GITHUB\STARHUNTER\STARHUNTERSTM\STARHUNTER\SNK\RELEASE\MYEXCEPTION.OBJ
E:\GITHUB\STARHUNTER\STARHUNTERSTM\STARHUNTER\SNK\RELEASE\MAIN.OBJ
E:\GITHUB\STARHUNTER\STARHUNTERSTM\STARHUNTER\SNK\RELEASE\INPUTMANAGER.OBJ
E:\GITHUB\STARHUNTER\STARHUNTERSTM\STARHUNTER\SNK\RELEASE\HID.OBJ
E:\GITHUB\STARHUNTER\STARHUNTERSTM\STARHUNTER\SNK\RELEASE\GAMETIMER.OBJ
E:\GITHUB\STARHUNTER\STARHUNTERSTM\STARHUNTER\SNK\RELEASE\GAME.OBJ
E:\GITHUB\STARHUNTER\STARHUNTERSTM\STARHUNTER\SNK\RELEASE\GUI.OBJ
E:\GITHUB\STARHUNTER\STARHUNTERSTM\STARHUNTER\SNK\RELEASE\ENTITY.OBJ
E:\GITHUB\STARHUNTER\STARHUNTERSTM\STARHUNTER\SNK\RELEASE\DISPLAY.OBJ
E:\GITHUB\STARHUNTER\STARHUNTERSTM\STARHUNTER\SNK\RELEASE\ALLEGROSTOPWATCH.OBJ
E:\GITHUB\STARHUNTER\STARHUNTERSTM\STARHUNTER\SNK\RELEASE\ALLEGROINPUTMANAGER.OBJ
E:\GITHUB\STARHUNTER\STARHUNTERSTM\STARHUNTER\SNK\RELEASE\ALLEGROINITIALIZER.OBJ
E:\GITHUB\STARHUNTER\STARHUNTERSTM\STARHUNTER\SNK\RELEASE\TILEDSPRITE.OBJ
E:\GITHUB\STARHUNTER\STARHUNTERSTM\STARHUNTER\SNK\RELEASE\VC110.PDB
E:\GITHUB\STARHUNTER\STARHUNTERSTM\STARHUNTER\RELEASE\STARHUNTER.EXE
E:\GITHUB\STARHUNTER\STARHUNTERSTM\STARHUNTER\RELEASE\STARHUNTER.PDB
E:\GITHUB\StarHunter\StarHunterSTM\StarHunter\SNK\Release\AllegroInitializer.obj
E:\GITHUB\StarHunter\StarHunterSTM\StarHunter\SNK\Release\AllegroInputManager.obj
E:\GITHUB\StarHunter\StarHunterSTM\StarHunter\SNK\Release\AllegroStopWatch.obj
E:\GITHUB\StarHunter\StarHunterSTM\StarHunter\SNK\Release\Display.obj
E:\GITHUB\StarHunter\StarHunterSTM\StarHunter\SNK\Release\Entity.obj
E:\GITHUB\StarHunter\StarHunterSTM\StarHunter\SNK\Release\Game.obj
E:\GITHUB\StarHunter\StarHunterSTM\StarHunter\SNK\Release\GameTimer.obj
E:\GITHUB\StarHunter\StarHunterSTM\StarHunter\SNK\Release\Gui.obj
E:\GITHUB\StarHunter\StarHunterSTM\StarHunter\SNK\Release\hid.obj
E:\GITHUB\StarHunter\StarHunterSTM\StarHunter\SNK\Release\InputManager.obj
E:\GITHUB\StarHunter\StarHunterSTM\StarHunter\SNK\Release\main.obj
E:\GITHUB\StarHunter\StarHunterSTM\StarHunter\SNK\Release\Mainall.obj
E:\GITHUB\StarHunter\StarHunterSTM\StarHunter\SNK\Release\MyException.obj
E:\GITHUB\StarHunter\StarHunterSTM\StarHunter\SNK\Release\Player.obj
E:\GITHUB\StarHunter\StarHunterSTM\StarHunter\SNK\Release\ResourcesManager.obj
E:\GITHUB\StarHunter\StarHunterSTM\StarHunter\SNK\Release\Sound.obj
E:\GITHUB\StarHunter\StarHunterSTM\StarHunter\SNK\Release\SpaceBackground.obj
E:\GITHUB\StarHunter\StarHunterSTM\StarHunter\SNK\Release\Sprite.obj
E:\GITHUB\StarHunter\StarHunterSTM\StarHunter\SNK\Release\Star.obj
E:\GITHUB\StarHunter\StarHunterSTM\StarHunter\SNK\Release\STMInputManager.obj
E:\GITHUB\StarHunter\StarHunterSTM\StarHunter\SNK\Release\Stopwatch.obj
E:\GITHUB\StarHunter\StarHunterSTM\StarHunter\SNK\Release\TiledSprite.obj
E:\GITHUB\StarHunter\StarHunterSTM\StarHunter\SNK\Release\cl.command.1.tlog
E:\GITHUB\StarHunter\StarHunterSTM\StarHunter\SNK\Release\CL.read.1.tlog
E:\GITHUB\StarHunter\StarHunterSTM\StarHunter\SNK\Release\CL.write.1.tlog
E:\GITHUB\StarHunter\StarHunterSTM\StarHunter\SNK\Release\link-cvtres.read.1.tlog
E:\GITHUB\StarHunter\StarHunterSTM\StarHunter\SNK\Release\link-cvtres.write.1.tlog
E:\GITHUB\StarHunter\StarHunterSTM\StarHunter\SNK\Release\link-rc.read.1.tlog
E:\GITHUB\StarHunter\StarHunterSTM\StarHunter\SNK\Release\link-rc.write.1.tlog
E:\GITHUB\StarHunter\StarHunterSTM\StarHunter\SNK\Release\link.command.1.tlog
E:\GITHUB\StarHunter\StarHunterSTM\StarHunter\SNK\Release\link.read.1.tlog
E:\GITHUB\StarHunter\StarHunterSTM\StarHunter\SNK\Release\link.write.1.tlog
E:\GITHUB\StarHunter\StarHunterSTM\StarHunter\SNK\Release\vc110.pdb
E:\GITHUB\StarHunter\StarHunterSTM\StarHunter\Release\StarHunter.pdb
E:\GITHUB\StarHunter\StarHunterSTM\StarHunter\Release\StarHunter.exe
