system   D            wsystem.c:583  maybe_parent_dir                 [   0.00017] Also searching E:\GITHUB\StarHunter\StarHunterSTM\StarHunter\
system   D            wsystem.c:633  _al_win_safe_load_library        [   0.00031] PathFindOnPath found: C:\Windows\system32\d3d9.dll
system   D            wsystem.c:544  load_library_at_path             [   0.00033] Calling LoadLibrary C:\Windows\system32\d3d9.dll
system   I            wsystem.c:547  load_library_at_path             [   0.00102] Loaded C:\Windows\system32\d3d9.dll
d3d      I         d3d_disp.cpp:695  _al_d3d_init_display             [   0.00881] Render-to-texture: 1
system   I             system.c:272  al_install_system                [   0.00884] Allegro version: 5.0.8
audio-dsound D           dsound.cpp:234  _dsound_open                     [   0.00920] Loading DirectSound module
system   D            wsystem.c:583  maybe_parent_dir                 [   0.00925] Also searching E:\GITHUB\StarHunter\StarHunterSTM\StarHunter\
system   D            wsystem.c:633  _al_win_safe_load_library        [   0.00937] PathFindOnPath found: C:\Windows\system32\dsound.dll
system   D            wsystem.c:544  load_library_at_path             [   0.00938] Calling LoadLibrary C:\Windows\system32\dsound.dll
system   I            wsystem.c:547  load_library_at_path             [   0.00984] Loaded C:\Windows\system32\dsound.dll
audio-dsound I           dsound.cpp:251  _dsound_open                     [   0.00988] Starting DirectSound...
audio-dsound D           dsound.cpp:261  _dsound_open                     [   0.02157] DirectSoundCreate8 succeeded
audio    I              audio.c:286  do_install_audio                 [   0.02217] Using DirectSound driver
d3d      I         d3d_disp.cpp:1732 d3d_create_display_locked        [   0.02284] faux_fullscreen=0
d3d      D         d3d_disp.cpp:1733 d3d_create_display_locked        [   0.02285] al_display=007811B0
d3d      D         d3d_disp.cpp:1734 d3d_create_display_locked        [   0.02286] al_display->vt=007810F8
d3d      I d3d_display_formats.cpp:144  _al_d3d_generate_display_format_list [   0.02763] found 128 format combinations
display  D   display_settings.c:191  debug_display_settings           [   0.02767] color: 32 (rgba 8880), depth: 0, stencil: 0, acc: 0000, samples: 0/0
display  D   display_settings.c:506  _al_score_display_settings       [   0.02769] Score is : 897
display  D   display_settings.c:191  debug_display_settings           [   0.02770] color: 32 (rgba 8880), depth: 0, stencil: 0, acc: 0000, samples: 0/0
display  D   display_settings.c:506  _al_score_display_settings       [   0.02772] Score is : 897
display  D   display_settings.c:191  debug_display_settings           [   0.02773] color: 32 (rgba 8880), depth: 0, stencil: 0, acc: 0000, samples: 2/1
display  D   display_settings.c:506  _al_score_display_settings       [   0.02774] Score is : 726
display  D   display_settings.c:191  debug_display_settings           [   0.02776] color: 32 (rgba 8880), depth: 0, stencil: 0, acc: 0000, samples: 3/1
display  D   display_settings.c:506  _al_score_display_settings       [   0.02777] Score is : 721
display  D   display_settings.c:191  debug_display_settings           [   0.02778] color: 32 (rgba 8880), depth: 24, stencil: 8, acc: 0000, samples: 0/0
display  D   display_settings.c:506  _al_score_display_settings       [   0.02780] Score is : 897
display  D   display_settings.c:191  debug_display_settings           [   0.02781] color: 32 (rgba 8880), depth: 24, stencil: 8, acc: 0000, samples: 0/0
display  D   display_settings.c:506  _al_score_display_settings       [   0.02783] Score is : 897
display  D   display_settings.c:191  debug_display_settings           [   0.02784] color: 32 (rgba 8880), depth: 24, stencil: 8, acc: 0000, samples: 2/1
display  D   display_settings.c:506  _al_score_display_settings       [   0.02786] Score is : 726
display  D   display_settings.c:191  debug_display_settings           [   0.02788] color: 32 (rgba 8880), depth: 24, stencil: 8, acc: 0000, samples: 3/1
display  D   display_settings.c:506  _al_score_display_settings       [   0.02789] Score is : 721
display  D   display_settings.c:191  debug_display_settings           [   0.02796] color: 32 (rgba 8880), depth: 24, stencil: 0, acc: 0000, samples: 0/0
display  D   display_settings.c:506  _al_score_display_settings       [   0.02798] Score is : 897
display  D   display_settings.c:191  debug_display_settings           [   0.02799] color: 32 (rgba 8880), depth: 24, stencil: 0, acc: 0000, samples: 0/0
display  D   display_settings.c:506  _al_score_display_settings       [   0.02801] Score is : 897
display  D   display_settings.c:191  debug_display_settings           [   0.02802] color: 32 (rgba 8880), depth: 24, stencil: 0, acc: 0000, samples: 2/1
display  D   display_settings.c:506  _al_score_display_settings       [   0.02803] Score is : 726
display  D   display_settings.c:191  debug_display_settings           [   0.02805] color: 32 (rgba 8880), depth: 24, stencil: 0, acc: 0000, samples: 3/1
display  D   display_settings.c:506  _al_score_display_settings       [   0.02806] Score is : 721
display  D   display_settings.c:191  debug_display_settings           [   0.02807] color: 32 (rgba 8880), depth: 16, stencil: 0, acc: 0000, samples: 0/0
display  D   display_settings.c:506  _al_score_display_settings       [   0.02809] Score is : 897
display  D   display_settings.c:191  debug_display_settings           [   0.02810] color: 32 (rgba 8880), depth: 16, stencil: 0, acc: 0000, samples: 0/0
display  D   display_settings.c:506  _al_score_display_settings       [   0.02812] Score is : 897
display  D   display_settings.c:191  debug_display_settings           [   0.02813] color: 32 (rgba 8880), depth: 16, stencil: 0, acc: 0000, samples: 2/1
display  D   display_settings.c:506  _al_score_display_settings       [   0.02814] Score is : 726
display  D   display_settings.c:191  debug_display_settings           [   0.02816] color: 32 (rgba 8880), depth: 16, stencil: 0, acc: 0000, samples: 3/1
display  D   display_settings.c:506  _al_score_display_settings       [   0.02817] Score is : 721
display  D   display_settings.c:191  debug_display_settings           [   0.02818] color: 16 (rgba 5650), depth: 0, stencil: 0, acc: 0000, samples: 0/0
display  D   display_settings.c:506  _al_score_display_settings       [   0.02820] Score is : 897
display  D   display_settings.c:191  debug_display_settings           [   0.02821] color: 16 (rgba 5650), depth: 0, stencil: 0, acc: 0000, samples: 0/0
display  D   display_settings.c:506  _al_score_display_settings       [   0.02823] Score is : 897
display  D   display_settings.c:191  debug_display_settings           [   0.02824] color: 16 (rgba 5650), depth: 0, stencil: 0, acc: 0000, samples: 2/1
display  D   display_settings.c:506  _al_score_display_settings       [   0.02828] Score is : 726
display  D   display_settings.c:191  debug_display_settings           [   0.02829] color: 16 (rgba 5650), depth: 0, stencil: 0, acc: 0000, samples: 3/1
display  D   display_settings.c:506  _al_score_display_settings       [   0.02831] Score is : 721
display  D   display_settings.c:191  debug_display_settings           [   0.02832] color: 16 (rgba 5650), depth: 24, stencil: 8, acc: 0000, samples: 0/0
display  D   display_settings.c:506  _al_score_display_settings       [   0.02833] Score is : 897
display  D   display_settings.c:191  debug_display_settings           [   0.02835] color: 16 (rgba 5650), depth: 24, stencil: 8, acc: 0000, samples: 0/0
display  D   display_settings.c:506  _al_score_display_settings       [   0.02836] Score is : 897
display  D   display_settings.c:191  debug_display_settings           [   0.02837] color: 16 (rgba 5650), depth: 24, stencil: 8, acc: 0000, samples: 2/1
display  D   display_settings.c:506  _al_score_display_settings       [   0.02839] Score is : 726
display  D   display_settings.c:191  debug_display_settings           [   0.02840] color: 16 (rgba 5650), depth: 24, stencil: 8, acc: 0000, samples: 3/1
display  D   display_settings.c:506  _al_score_display_settings       [   0.02842] Score is : 721
display  D   display_settings.c:191  debug_display_settings           [   0.02843] color: 16 (rgba 5650), depth: 24, stencil: 0, acc: 0000, samples: 0/0
display  D   display_settings.c:506  _al_score_display_settings       [   0.02845] Score is : 897
display  D   display_settings.c:191  debug_display_settings           [   0.02846] color: 16 (rgba 5650), depth: 24, stencil: 0, acc: 0000, samples: 0/0
display  D   display_settings.c:506  _al_score_display_settings       [   0.02848] Score is : 897
display  D   display_settings.c:191  debug_display_settings           [   0.02849] color: 16 (rgba 5650), depth: 24, stencil: 0, acc: 0000, samples: 2/1
display  D   display_settings.c:506  _al_score_display_settings       [   0.02850] Score is : 726
display  D   display_settings.c:191  debug_display_settings           [   0.02851] color: 16 (rgba 5650), depth: 24, stencil: 0, acc: 0000, samples: 3/1
display  D   display_settings.c:506  _al_score_display_settings       [   0.02853] Score is : 721
display  D   display_settings.c:191  debug_display_settings           [   0.02854] color: 16 (rgba 5650), depth: 16, stencil: 0, acc: 0000, samples: 0/0
display  D   display_settings.c:506  _al_score_display_settings       [   0.02856] Score is : 897
display  D   display_settings.c:191  debug_display_settings           [   0.02857] color: 16 (rgba 5650), depth: 16, stencil: 0, acc: 0000, samples: 0/0
display  D   display_settings.c:506  _al_score_display_settings       [   0.02859] Score is : 897
display  D   display_settings.c:191  debug_display_settings           [   0.02860] color: 16 (rgba 5650), depth: 16, stencil: 0, acc: 0000, samples: 2/1
display  D   display_settings.c:506  _al_score_display_settings       [   0.02861] Score is : 726
display  D   display_settings.c:191  debug_display_settings           [   0.02863] color: 16 (rgba 5650), depth: 16, stencil: 0, acc: 0000, samples: 3/1
display  D   display_settings.c:506  _al_score_display_settings       [   0.02864] Score is : 721
display  D   display_settings.c:191  debug_display_settings           [   0.02865] color: 32 (rgba 8880), depth: 0, stencil: 0, acc: 0000, samples: 0/0
display  D   display_settings.c:377  _al_score_display_settings       [   0.02867] Single Buffer requirement not met.
display  D   display_settings.c:191  debug_display_settings           [   0.02868] color: 32 (rgba 8880), depth: 0, stencil: 0, acc: 0000, samples: 0/0
display  D   display_settings.c:377  _al_score_display_settings       [   0.02870] Single Buffer requirement not met.
display  D   display_settings.c:191  debug_display_settings           [   0.02871] color: 32 (rgba 8880), depth: 0, stencil: 0, acc: 0000, samples: 2/1
display  D   display_settings.c:377  _al_score_display_settings       [   0.02872] Single Buffer requirement not met.
display  D   display_settings.c:191  debug_display_settings           [   0.02874] color: 32 (rgba 8880), depth: 0, stencil: 0, acc: 0000, samples: 3/1
display  D   display_settings.c:377  _al_score_display_settings       [   0.02875] Single Buffer requirement not met.
display  D   display_settings.c:191  debug_display_settings           [   0.02877] color: 32 (rgba 8880), depth: 24, stencil: 8, acc: 0000, samples: 0/0
display  D   display_settings.c:377  _al_score_display_settings       [   0.02878] Single Buffer requirement not met.
display  D   display_settings.c:191  debug_display_settings           [   0.02879] color: 32 (rgba 8880), depth: 24, stencil: 8, acc: 0000, samples: 0/0
display  D   display_settings.c:377  _al_score_display_settings       [   0.02881] Single Buffer requirement not met.
display  D   display_settings.c:191  debug_display_settings           [   0.02882] color: 32 (rgba 8880), depth: 24, stencil: 8, acc: 0000, samples: 2/1
display  D   display_settings.c:377  _al_score_display_settings       [   0.02884] Single Buffer requirement not met.
display  D   display_settings.c:191  debug_display_settings           [   0.02885] color: 32 (rgba 8880), depth: 24, stencil: 8, acc: 0000, samples: 3/1
display  D   display_settings.c:377  _al_score_display_settings       [   0.02887] Single Buffer requirement not met.
display  D   display_settings.c:191  debug_display_settings           [   0.02888] color: 32 (rgba 8880), depth: 24, stencil: 0, acc: 0000, samples: 0/0
display  D   display_settings.c:377  _al_score_display_settings       [   0.02890] Single Buffer requirement not met.
display  D   display_settings.c:191  debug_display_settings           [   0.02891] color: 32 (rgba 8880), depth: 24, stencil: 0, acc: 0000, samples: 0/0
display  D   display_settings.c:377  _al_score_display_settings       [   0.02892] Single Buffer requirement not met.
display  D   display_settings.c:191  debug_display_settings           [   0.02894] color: 32 (rgba 8880), depth: 24, stencil: 0, acc: 0000, samples: 2/1
display  D   display_settings.c:377  _al_score_display_settings       [   0.02895] Single Buffer requirement not met.
display  D   display_settings.c:191  debug_display_settings           [   0.02897] color: 32 (rgba 8880), depth: 24, stencil: 0, acc: 0000, samples: 3/1
display  D   display_settings.c:377  _al_score_display_settings       [   0.02898] Single Buffer requirement not met.
display  D   display_settings.c:191  debug_display_settings           [   0.02899] color: 32 (rgba 8880), depth: 16, stencil: 0, acc: 0000, samples: 0/0
display  D   display_settings.c:377  _al_score_display_settings       [   0.02901] Single Buffer requirement not met.
display  D   display_settings.c:191  debug_display_settings           [   0.02902] color: 32 (rgba 8880), depth: 16, stencil: 0, acc: 0000, samples: 0/0
display  D   display_settings.c:377  _al_score_display_settings       [   0.02904] Single Buffer requirement not met.
display  D   display_settings.c:191  debug_display_settings           [   0.02905] color: 32 (rgba 8880), depth: 16, stencil: 0, acc: 0000, samples: 2/1
display  D   display_settings.c:377  _al_score_display_settings       [   0.02907] Single Buffer requirement not met.
display  D   display_settings.c:191  debug_display_settings           [   0.02908] color: 32 (rgba 8880), depth: 16, stencil: 0, acc: 0000, samples: 3/1
display  D   display_settings.c:377  _al_score_display_settings       [   0.02909] Single Buffer requirement not met.
display  D   display_settings.c:191  debug_display_settings           [   0.02911] color: 16 (rgba 5650), depth: 0, stencil: 0, acc: 0000, samples: 0/0
display  D   display_settings.c:377  _al_score_display_settings       [   0.02912] Single Buffer requirement not met.
display  D   display_settings.c:191  debug_display_settings           [   0.02913] color: 16 (rgba 5650), depth: 0, stencil: 0, acc: 0000, samples: 0/0
display  D   display_settings.c:377  _al_score_display_settings       [   0.02915] Single Buffer requirement not met.
display  D   display_settings.c:191  debug_display_settings           [   0.02916] color: 16 (rgba 5650), depth: 0, stencil: 0, acc: 0000, samples: 2/1
display  D   display_settings.c:377  _al_score_display_settings       [   0.02918] Single Buffer requirement not met.
display  D   display_settings.c:191  debug_display_settings           [   0.02919] color: 16 (rgba 5650), depth: 0, stencil: 0, acc: 0000, samples: 3/1
display  D   display_settings.c:377  _al_score_display_settings       [   0.02921] Single Buffer requirement not met.
display  D   display_settings.c:191  debug_display_settings           [   0.02922] color: 16 (rgba 5650), depth: 24, stencil: 8, acc: 0000, samples: 0/0
display  D   display_settings.c:377  _al_score_display_settings       [   0.02923] Single Buffer requirement not met.
display  D   display_settings.c:191  debug_display_settings           [   0.02925] color: 16 (rgba 5650), depth: 24, stencil: 8, acc: 0000, samples: 0/0
display  D   display_settings.c:377  _al_score_display_settings       [   0.02951] Single Buffer requirement not met.
display  D   display_settings.c:191  debug_display_settings           [   0.02953] color: 16 (rgba 5650), depth: 24, stencil: 8, acc: 0000, samples: 2/1
display  D   display_settings.c:377  _al_score_display_settings       [   0.02960] Single Buffer requirement not met.
display  D   display_settings.c:191  debug_display_settings           [   0.02962] color: 16 (rgba 5650), depth: 24, stencil: 8, acc: 0000, samples: 3/1
display  D   display_settings.c:377  _al_score_display_settings       [   0.02963] Single Buffer requirement not met.
display  D   display_settings.c:191  debug_display_settings           [   0.02964] color: 16 (rgba 5650), depth: 24, stencil: 0, acc: 0000, samples: 0/0
display  D   display_settings.c:377  _al_score_display_settings       [   0.02966] Single Buffer requirement not met.
display  D   display_settings.c:191  debug_display_settings           [   0.02967] color: 16 (rgba 5650), depth: 24, stencil: 0, acc: 0000, samples: 0/0
display  D   display_settings.c:377  _al_score_display_settings       [   0.02969] Single Buffer requirement not met.
display  D   display_settings.c:191  debug_display_settings           [   0.02970] color: 16 (rgba 5650), depth: 24, stencil: 0, acc: 0000, samples: 2/1
display  D   display_settings.c:377  _al_score_display_settings       [   0.02972] Single Buffer requirement not met.
display  D   display_settings.c:191  debug_display_settings           [   0.02973] color: 16 (rgba 5650), depth: 24, stencil: 0, acc: 0000, samples: 3/1
display  D   display_settings.c:377  _al_score_display_settings       [   0.02975] Single Buffer requirement not met.
display  D   display_settings.c:191  debug_display_settings           [   0.02976] color: 16 (rgba 5650), depth: 16, stencil: 0, acc: 0000, samples: 0/0
display  D   display_settings.c:377  _al_score_display_settings       [   0.02977] Single Buffer requirement not met.
display  D   display_settings.c:191  debug_display_settings           [   0.02979] color: 16 (rgba 5650), depth: 16, stencil: 0, acc: 0000, samples: 0/0
display  D   display_settings.c:377  _al_score_display_settings       [   0.02980] Single Buffer requirement not met.
display  D   display_settings.c:191  debug_display_settings           [   0.02981] color: 16 (rgba 5650), depth: 16, stencil: 0, acc: 0000, samples: 2/1
display  D   display_settings.c:377  _al_score_display_settings       [   0.02983] Single Buffer requirement not met.
display  D   display_settings.c:191  debug_display_settings           [   0.02984] color: 16 (rgba 5650), depth: 16, stencil: 0, acc: 0000, samples: 3/1
display  D   display_settings.c:377  _al_score_display_settings       [   0.02986] Single Buffer requirement not met.
display  D   display_settings.c:191  debug_display_settings           [   0.02987] color: 32 (rgba 8880), depth: 0, stencil: 0, acc: 0000, samples: 0/0
display  D   display_settings.c:506  _al_score_display_settings       [   0.02989] Score is : 769
display  D   display_settings.c:191  debug_display_settings           [   0.02990] color: 32 (rgba 8880), depth: 0, stencil: 0, acc: 0000, samples: 0/0
display  D   display_settings.c:506  _al_score_display_settings       [   0.02992] Score is : 769
display  D   display_settings.c:191  debug_display_settings           [   0.02993] color: 32 (rgba 8880), depth: 0, stencil: 0, acc: 0000, samples: 2/1
display  D   display_settings.c:506  _al_score_display_settings       [   0.02994] Score is : 598
display  D   display_settings.c:191  debug_display_settings           [   0.02996] color: 32 (rgba 8880), depth: 0, stencil: 0, acc: 0000, samples: 3/1
display  D   display_settings.c:506  _al_score_display_settings       [   0.02997] Score is : 593
display  D   display_settings.c:191  debug_display_settings           [   0.02998] color: 32 (rgba 8880), depth: 24, stencil: 8, acc: 0000, samples: 0/0
display  D   display_settings.c:506  _al_score_display_settings       [   0.03000] Score is : 769
display  D   display_settings.c:191  debug_display_settings           [   0.03001] color: 32 (rgba 8880), depth: 24, stencil: 8, acc: 0000, samples: 0/0
display  D   display_settings.c:506  _al_score_display_settings       [   0.03003] Score is : 769
display  D   display_settings.c:191  debug_display_settings           [   0.03004] color: 32 (rgba 8880), depth: 24, stencil: 8, acc: 0000, samples: 2/1
display  D   display_settings.c:506  _al_score_display_settings       [   0.03006] Score is : 598
display  D   display_settings.c:191  debug_display_settings           [   0.03007] color: 32 (rgba 8880), depth: 24, stencil: 8, acc: 0000, samples: 3/1
display  D   display_settings.c:506  _al_score_display_settings       [   0.03009] Score is : 593
display  D   display_settings.c:191  debug_display_settings           [   0.03010] color: 32 (rgba 8880), depth: 24, stencil: 0, acc: 0000, samples: 0/0
display  D   display_settings.c:506  _al_score_display_settings       [   0.03011] Score is : 769
display  D   display_settings.c:191  debug_display_settings           [   0.03012] color: 32 (rgba 8880), depth: 24, stencil: 0, acc: 0000, samples: 0/0
display  D   display_settings.c:506  _al_score_display_settings       [   0.03014] Score is : 769
display  D   display_settings.c:191  debug_display_settings           [   0.03015] color: 32 (rgba 8880), depth: 24, stencil: 0, acc: 0000, samples: 2/1
display  D   display_settings.c:506  _al_score_display_settings       [   0.03017] Score is : 598
display  D   display_settings.c:191  debug_display_settings           [   0.03018] color: 32 (rgba 8880), depth: 24, stencil: 0, acc: 0000, samples: 3/1
display  D   display_settings.c:506  _al_score_display_settings       [   0.03020] Score is : 593
display  D   display_settings.c:191  debug_display_settings           [   0.03021] color: 32 (rgba 8880), depth: 16, stencil: 0, acc: 0000, samples: 0/0
display  D   display_settings.c:506  _al_score_display_settings       [   0.03022] Score is : 769
display  D   display_settings.c:191  debug_display_settings           [   0.03023] color: 32 (rgba 8880), depth: 16, stencil: 0, acc: 0000, samples: 0/0
display  D   display_settings.c:506  _al_score_display_settings       [   0.03025] Score is : 769
display  D   display_settings.c:191  debug_display_settings           [   0.03027] color: 32 (rgba 8880), depth: 16, stencil: 0, acc: 0000, samples: 2/1
display  D   display_settings.c:506  _al_score_display_settings       [   0.03028] Score is : 598
display  D   display_settings.c:191  debug_display_settings           [   0.03029] color: 32 (rgba 8880), depth: 16, stencil: 0, acc: 0000, samples: 3/1
display  D   display_settings.c:506  _al_score_display_settings       [   0.03031] Score is : 593
display  D   display_settings.c:191  debug_display_settings           [   0.03032] color: 16 (rgba 5650), depth: 0, stencil: 0, acc: 0000, samples: 0/0
display  D   display_settings.c:506  _al_score_display_settings       [   0.03034] Score is : 769
display  D   display_settings.c:191  debug_display_settings           [   0.03035] color: 16 (rgba 5650), depth: 0, stencil: 0, acc: 0000, samples: 0/0
display  D   display_settings.c:506  _al_score_display_settings       [   0.03036] Score is : 769
display  D   display_settings.c:191  debug_display_settings           [   0.03038] color: 16 (rgba 5650), depth: 0, stencil: 0, acc: 0000, samples: 2/1
display  D   display_settings.c:506  _al_score_display_settings       [   0.03039] Score is : 598
display  D   display_settings.c:191  debug_display_settings           [   0.03040] color: 16 (rgba 5650), depth: 0, stencil: 0, acc: 0000, samples: 3/1
display  D   display_settings.c:506  _al_score_display_settings       [   0.03042] Score is : 593
display  D   display_settings.c:191  debug_display_settings           [   0.03043] color: 16 (rgba 5650), depth: 24, stencil: 8, acc: 0000, samples: 0/0
display  D   display_settings.c:506  _al_score_display_settings       [   0.03045] Score is : 769
display  D   display_settings.c:191  debug_display_settings           [   0.03046] color: 16 (rgba 5650), depth: 24, stencil: 8, acc: 0000, samples: 0/0
display  D   display_settings.c:506  _al_score_display_settings       [   0.03047] Score is : 769
display  D   display_settings.c:191  debug_display_settings           [   0.03048] color: 16 (rgba 5650), depth: 24, stencil: 8, acc: 0000, samples: 2/1
display  D   display_settings.c:506  _al_score_display_settings       [   0.03050] Score is : 598
display  D   display_settings.c:191  debug_display_settings           [   0.03051] color: 16 (rgba 5650), depth: 24, stencil: 8, acc: 0000, samples: 3/1
display  D   display_settings.c:506  _al_score_display_settings       [   0.03053] Score is : 593
display  D   display_settings.c:191  debug_display_settings           [   0.03054] color: 16 (rgba 5650), depth: 24, stencil: 0, acc: 0000, samples: 0/0
display  D   display_settings.c:506  _al_score_display_settings       [   0.03056] Score is : 769
display  D   display_settings.c:191  debug_display_settings           [   0.03057] color: 16 (rgba 5650), depth: 24, stencil: 0, acc: 0000, samples: 0/0
display  D   display_settings.c:506  _al_score_display_settings       [   0.03059] Score is : 769
display  D   display_settings.c:191  debug_display_settings           [   0.03060] color: 16 (rgba 5650), depth: 24, stencil: 0, acc: 0000, samples: 2/1
display  D   display_settings.c:506  _al_score_display_settings       [   0.03061] Score is : 598
display  D   display_settings.c:191  debug_display_settings           [   0.03062] color: 16 (rgba 5650), depth: 24, stencil: 0, acc: 0000, samples: 3/1
display  D   display_settings.c:506  _al_score_display_settings       [   0.03064] Score is : 593
display  D   display_settings.c:191  debug_display_settings           [   0.03065] color: 16 (rgba 5650), depth: 16, stencil: 0, acc: 0000, samples: 0/0
display  D   display_settings.c:506  _al_score_display_settings       [   0.03067] Score is : 769
display  D   display_settings.c:191  debug_display_settings           [   0.03068] color: 16 (rgba 5650), depth: 16, stencil: 0, acc: 0000, samples: 0/0
display  D   display_settings.c:506  _al_score_display_settings       [   0.03070] Score is : 769
display  D   display_settings.c:191  debug_display_settings           [   0.03071] color: 16 (rgba 5650), depth: 16, stencil: 0, acc: 0000, samples: 2/1
display  D   display_settings.c:506  _al_score_display_settings       [   0.03072] Score is : 598
display  D   display_settings.c:191  debug_display_settings           [   0.03073] color: 16 (rgba 5650), depth: 16, stencil: 0, acc: 0000, samples: 3/1
display  D   display_settings.c:506  _al_score_display_settings       [   0.03075] Score is : 593
display  D   display_settings.c:191  debug_display_settings           [   0.03076] color: 32 (rgba 8880), depth: 0, stencil: 0, acc: 0000, samples: 0/0
display  D   display_settings.c:377  _al_score_display_settings       [   0.03078] Single Buffer requirement not met.
display  D   display_settings.c:191  debug_display_settings           [   0.03079] color: 32 (rgba 8880), depth: 0, stencil: 0, acc: 0000, samples: 0/0
display  D   display_settings.c:377  _al_score_display_settings       [   0.03081] Single Buffer requirement not met.
display  D   display_settings.c:191  debug_display_settings           [   0.03082] color: 32 (rgba 8880), depth: 0, stencil: 0, acc: 0000, samples: 2/1
display  D   display_settings.c:377  _al_score_display_settings       [   0.03083] Single Buffer requirement not met.
display  D   display_settings.c:191  debug_display_settings           [   0.03085] color: 32 (rgba 8880), depth: 0, stencil: 0, acc: 0000, samples: 3/1
display  D   display_settings.c:377  _al_score_display_settings       [   0.03086] Single Buffer requirement not met.
display  D   display_settings.c:191  debug_display_settings           [   0.03087] color: 32 (rgba 8880), depth: 24, stencil: 8, acc: 0000, samples: 0/0
display  D   display_settings.c:377  _al_score_display_settings       [   0.03089] Single Buffer requirement not met.
display  D   display_settings.c:191  debug_display_settings           [   0.03090] color: 32 (rgba 8880), depth: 24, stencil: 8, acc: 0000, samples: 0/0
display  D   display_settings.c:377  _al_score_display_settings       [   0.03092] Single Buffer requirement not met.
display  D   display_settings.c:191  debug_display_settings           [   0.03093] color: 32 (rgba 8880), depth: 24, stencil: 8, acc: 0000, samples: 2/1
display  D   display_settings.c:377  _al_score_display_settings       [   0.03095] Single Buffer requirement not met.
display  D   display_settings.c:191  debug_display_settings           [   0.03096] color: 32 (rgba 8880), depth: 24, stencil: 8, acc: 0000, samples: 3/1
display  D   display_settings.c:377  _al_score_display_settings       [   0.03098] Single Buffer requirement not met.
display  D   display_settings.c:191  debug_display_settings           [   0.03099] color: 32 (rgba 8880), depth: 24, stencil: 0, acc: 0000, samples: 0/0
display  D   display_settings.c:377  _al_score_display_settings       [   0.03101] Single Buffer requirement not met.
display  D   display_settings.c:191  debug_display_settings           [   0.03102] color: 32 (rgba 8880), depth: 24, stencil: 0, acc: 0000, samples: 0/0
display  D   display_settings.c:377  _al_score_display_settings       [   0.03104] Single Buffer requirement not met.
display  D   display_settings.c:191  debug_display_settings           [   0.03105] color: 32 (rgba 8880), depth: 24, stencil: 0, acc: 0000, samples: 2/1
display  D   display_settings.c:377  _al_score_display_settings       [   0.03106] Single Buffer requirement not met.
display  D   display_settings.c:191  debug_display_settings           [   0.03108] color: 32 (rgba 8880), depth: 24, stencil: 0, acc: 0000, samples: 3/1
display  D   display_settings.c:377  _al_score_display_settings       [   0.03109] Single Buffer requirement not met.
display  D   display_settings.c:191  debug_display_settings           [   0.03111] color: 32 (rgba 8880), depth: 16, stencil: 0, acc: 0000, samples: 0/0
display  D   display_settings.c:377  _al_score_display_settings       [   0.03112] Single Buffer requirement not met.
display  D   display_settings.c:191  debug_display_settings           [   0.03113] color: 32 (rgba 8880), depth: 16, stencil: 0, acc: 0000, samples: 0/0
display  D   display_settings.c:377  _al_score_display_settings       [   0.03115] Single Buffer requirement not met.
display  D   display_settings.c:191  debug_display_settings           [   0.03116] color: 32 (rgba 8880), depth: 16, stencil: 0, acc: 0000, samples: 2/1
display  D   display_settings.c:377  _al_score_display_settings       [   0.03118] Single Buffer requirement not met.
display  D   display_settings.c:191  debug_display_settings           [   0.03119] color: 32 (rgba 8880), depth: 16, stencil: 0, acc: 0000, samples: 3/1
display  D   display_settings.c:377  _al_score_display_settings       [   0.03121] Single Buffer requirement not met.
display  D   display_settings.c:191  debug_display_settings           [   0.03122] color: 16 (rgba 5650), depth: 0, stencil: 0, acc: 0000, samples: 0/0
display  D   display_settings.c:377  _al_score_display_settings       [   0.03124] Single Buffer requirement not met.
display  D   display_settings.c:191  debug_display_settings           [   0.03125] color: 16 (rgba 5650), depth: 0, stencil: 0, acc: 0000, samples: 0/0
display  D   display_settings.c:377  _al_score_display_settings       [   0.03127] Single Buffer requirement not met.
display  D   display_settings.c:191  debug_display_settings           [   0.03128] color: 16 (rgba 5650), depth: 0, stencil: 0, acc: 0000, samples: 2/1
display  D   display_settings.c:377  _al_score_display_settings       [   0.03129] Single Buffer requirement not met.
display  D   display_settings.c:191  debug_display_settings           [   0.03131] color: 16 (rgba 5650), depth: 0, stencil: 0, acc: 0000, samples: 3/1
display  D   display_settings.c:377  _al_score_display_settings       [   0.03132] Single Buffer requirement not met.
display  D   display_settings.c:191  debug_display_settings           [   0.03134] color: 16 (rgba 5650), depth: 24, stencil: 8, acc: 0000, samples: 0/0
display  D   display_settings.c:377  _al_score_display_settings       [   0.03135] Single Buffer requirement not met.
display  D   display_settings.c:191  debug_display_settings           [   0.03141] color: 16 (rgba 5650), depth: 24, stencil: 8, acc: 0000, samples: 0/0
display  D   display_settings.c:377  _al_score_display_settings       [   0.03143] Single Buffer requirement not met.
display  D   display_settings.c:191  debug_display_settings           [   0.03144] color: 16 (rgba 5650), depth: 24, stencil: 8, acc: 0000, samples: 2/1
display  D   display_settings.c:377  _al_score_display_settings       [   0.03146] Single Buffer requirement not met.
display  D   display_settings.c:191  debug_display_settings           [   0.03147] color: 16 (rgba 5650), depth: 24, stencil: 8, acc: 0000, samples: 3/1
display  D   display_settings.c:377  _al_score_display_settings       [   0.03148] Single Buffer requirement not met.
display  D   display_settings.c:191  debug_display_settings           [   0.03150] color: 16 (rgba 5650), depth: 24, stencil: 0, acc: 0000, samples: 0/0
display  D   display_settings.c:377  _al_score_display_settings       [   0.03151] Single Buffer requirement not met.
display  D   display_settings.c:191  debug_display_settings           [   0.03152] color: 16 (rgba 5650), depth: 24, stencil: 0, acc: 0000, samples: 0/0
display  D   display_settings.c:377  _al_score_display_settings       [   0.03154] Single Buffer requirement not met.
display  D   display_settings.c:191  debug_display_settings           [   0.03155] color: 16 (rgba 5650), depth: 24, stencil: 0, acc: 0000, samples: 2/1
display  D   display_settings.c:377  _al_score_display_settings       [   0.03157] Single Buffer requirement not met.
display  D   display_settings.c:191  debug_display_settings           [   0.03158] color: 16 (rgba 5650), depth: 24, stencil: 0, acc: 0000, samples: 3/1
display  D   display_settings.c:377  _al_score_display_settings       [   0.03160] Single Buffer requirement not met.
display  D   display_settings.c:191  debug_display_settings           [   0.03161] color: 16 (rgba 5650), depth: 16, stencil: 0, acc: 0000, samples: 0/0
display  D   display_settings.c:377  _al_score_display_settings       [   0.03162] Single Buffer requirement not met.
display  D   display_settings.c:191  debug_display_settings           [   0.03164] color: 16 (rgba 5650), depth: 16, stencil: 0, acc: 0000, samples: 0/0
display  D   display_settings.c:377  _al_score_display_settings       [   0.03165] Single Buffer requirement not met.
display  D   display_settings.c:191  debug_display_settings           [   0.03166] color: 16 (rgba 5650), depth: 16, stencil: 0, acc: 0000, samples: 2/1
display  D   display_settings.c:377  _al_score_display_settings       [   0.03168] Single Buffer requirement not met.
display  D   display_settings.c:191  debug_display_settings           [   0.03169] color: 16 (rgba 5650), depth: 16, stencil: 0, acc: 0000, samples: 3/1
display  D   display_settings.c:377  _al_score_display_settings       [   0.03171] Single Buffer requirement not met.
d3d      D         d3d_disp.cpp:1640 d3d_create_display_internals     [   0.03175] Trying format 0.
d3d      I         d3d_disp.cpp:1325 d3d_display_thread_proc          [   0.03196] Chose a display format: 23
d3d      I         d3d_disp.cpp:1394 d3d_display_thread_proc          [   0.03199] Normal window.
d3d      I         d3d_disp.cpp:800  d3d_create_device                [   0.03925] Using no depth stencil buffer
d3d      D         d3d_disp.cpp:865  d3d_create_device                [   0.05427] BeginScene succeeded in create_device
d3d      D         d3d_disp.cpp:873  d3d_create_device                [   0.05430] Success
d3d      D         d3d_disp.cpp:1663 d3d_create_display_internals     [   0.05432] Resumed after wait.
d3d      I         d3d_disp.cpp:1696 d3d_create_display_internals     [   0.05435] Format 0 succeeded.
d3d      D         d3d_disp.cpp:1719 d3d_create_display_internals     [   0.05437] Returning d3d_display: 007811B0
d3d      D         d3d_disp.cpp:1744 d3d_create_display_locked        [   0.05438] al_display=007811B0
d3d      D         d3d_disp.cpp:1745 d3d_create_display_locked        [   0.05439] al_display->vt=007810F8
dtor     D               dtor.c:184  _al_register_destructor          [   0.05586] added dtor for object 007DD388, func 584024BE
dtor     D               dtor.c:184  _al_register_destructor          [   0.05589] added dtor for object 007DD458, func 584024BE
dtor     D               dtor.c:184  _al_register_destructor          [   0.05591] added dtor for object 007DD528, func 5840278E
acodec   I                ogg.c:201  _al_load_ogg_vorbis              [   0.05650] Loading sample assets/sounds/star.ogg.
acodec   D                ogg.c:260  _al_load_ogg_vorbis_f            [   0.05697] channels 1
acodec   D                ogg.c:261  _al_load_ogg_vorbis_f            [   0.05698] word_size 2
acodec   D                ogg.c:262  _al_load_ogg_vorbis_f            [   0.05699] rate 44100
acodec   D                ogg.c:263  _al_load_ogg_vorbis_f            [   0.05700] total_samples 5824
acodec   D                ogg.c:264  _al_load_ogg_vorbis_f            [   0.05700] total_size 11648
d3d      D         d3d_disp.cpp:1165 real_choose_bitmap_format        [   0.05712] Fake format
d3d      D         d3d_disp.cpp:1165 real_choose_bitmap_format        [   0.05713] Fake format
d3d      D         d3d_disp.cpp:1165 real_choose_bitmap_format        [   0.05714] Fake format
d3d      D         d3d_disp.cpp:1165 real_choose_bitmap_format        [   0.05715] Fake format
d3d      D         d3d_disp.cpp:1165 real_choose_bitmap_format        [   0.05716] Fake format
d3d      D         d3d_disp.cpp:1165 real_choose_bitmap_format        [   0.05716] Fake format
d3d      D         d3d_disp.cpp:1165 real_choose_bitmap_format        [   0.05717] Fake format
d3d      D         d3d_disp.cpp:1165 real_choose_bitmap_format        [   0.05718] Fake format
d3d      D         d3d_disp.cpp:1165 real_choose_bitmap_format        [   0.05719] Fake format
d3d      D         d3d_disp.cpp:1173 real_choose_bitmap_format        [   0.05719] Alpha doesn't match
d3d      D         d3d_disp.cpp:1180 real_choose_bitmap_format        [   0.05720] Adapter format is 23
d3d      D         d3d_disp.cpp:1183 real_choose_bitmap_format        [   0.05721] Found a format
d3d      I         d3d_disp.cpp:2289 _al_d3d_create_bitmap            [   0.05722] Chose bitmap format 9
dtor     D               dtor.c:184  _al_register_destructor          [   0.05793] added dtor for object 063BCF18, func 58402581
dtor     D               dtor.c:184  _al_register_destructor          [   0.06133] added dtor for object 007A9B40, func 58402365
acodec   I                ogg.c:201  _al_load_ogg_vorbis              [   0.06141] Loading sample assets/sounds/background.ogg.
acodec   D                ogg.c:260  _al_load_ogg_vorbis_f            [   0.06254] channels 2
acodec   D                ogg.c:261  _al_load_ogg_vorbis_f            [   0.06256] word_size 2
acodec   D                ogg.c:262  _al_load_ogg_vorbis_f            [   0.06258] rate 44100
acodec   D                ogg.c:263  _al_load_ogg_vorbis_f            [   0.06260] total_samples 4916736
acodec   D                ogg.c:264  _al_load_ogg_vorbis_f            [   0.06261] total_size 19666944
d3d      D          d3d_bmp.cpp:455  _al_d3d_sync_bitmap              [   0.06942] _al_d3d_sync_bitmap (system) ref count == 1
d3d      D          d3d_bmp.cpp:460  _al_d3d_sync_bitmap              [   0.06945] _al_d3d_sync_bitmap (video) ref count == 1
d3d      D         d3d_disp.cpp:1165 real_choose_bitmap_format        [   0.07955] Fake format
d3d      D         d3d_disp.cpp:1165 real_choose_bitmap_format        [   0.07956] Fake format
d3d      D         d3d_disp.cpp:1165 real_choose_bitmap_format        [   0.07957] Fake format
d3d      D         d3d_disp.cpp:1165 real_choose_bitmap_format        [   0.07958] Fake format
d3d      D         d3d_disp.cpp:1165 real_choose_bitmap_format        [   0.07959] Fake format
d3d      D         d3d_disp.cpp:1165 real_choose_bitmap_format        [   0.07960] Fake format
d3d      D         d3d_disp.cpp:1165 real_choose_bitmap_format        [   0.07961] Fake format
d3d      D         d3d_disp.cpp:1165 real_choose_bitmap_format        [   0.07961] Fake format
d3d      D         d3d_disp.cpp:1165 real_choose_bitmap_format        [   0.07962] Fake format
d3d      D         d3d_disp.cpp:1173 real_choose_bitmap_format        [   0.07963] Alpha doesn't match
d3d      D         d3d_disp.cpp:1180 real_choose_bitmap_format        [   0.07964] Adapter format is 23
d3d      D         d3d_disp.cpp:1183 real_choose_bitmap_format        [   0.07965] Found a format
d3d      I         d3d_disp.cpp:2289 _al_d3d_create_bitmap            [   0.07965] Chose bitmap format 9
dtor     D               dtor.c:184  _al_register_destructor          [   0.07992] added dtor for object 063A7F40, func 58402581
d3d      D          d3d_bmp.cpp:455  _al_d3d_sync_bitmap              [   0.08580] _al_d3d_sync_bitmap (system) ref count == 1
d3d      D          d3d_bmp.cpp:460  _al_d3d_sync_bitmap              [   0.08582] _al_d3d_sync_bitmap (video) ref count == 1
d3d      D         d3d_disp.cpp:1165 real_choose_bitmap_format        [   0.08698] Fake format
d3d      D         d3d_disp.cpp:1165 real_choose_bitmap_format        [   0.08700] Fake format
d3d      D         d3d_disp.cpp:1165 real_choose_bitmap_format        [   0.08700] Fake format
d3d      D         d3d_disp.cpp:1165 real_choose_bitmap_format        [   0.08701] Fake format
d3d      D         d3d_disp.cpp:1165 real_choose_bitmap_format        [   0.08702] Fake format
d3d      D         d3d_disp.cpp:1165 real_choose_bitmap_format        [   0.08703] Fake format
d3d      D         d3d_disp.cpp:1165 real_choose_bitmap_format        [   0.08703] Fake format
d3d      D         d3d_disp.cpp:1165 real_choose_bitmap_format        [   0.08704] Fake format
d3d      D         d3d_disp.cpp:1165 real_choose_bitmap_format        [   0.08705] Fake format
d3d      D         d3d_disp.cpp:1173 real_choose_bitmap_format        [   0.08706] Alpha doesn't match
d3d      D         d3d_disp.cpp:1180 real_choose_bitmap_format        [   0.08707] Adapter format is 23
d3d      D         d3d_disp.cpp:1183 real_choose_bitmap_format        [   0.08708] Found a format
d3d      I         d3d_disp.cpp:2289 _al_d3d_create_bitmap            [   0.08708] Chose bitmap format 9
dtor     D               dtor.c:184  _al_register_destructor          [   0.08721] added dtor for object 063A75D0, func 58402581
d3d      D          d3d_bmp.cpp:455  _al_d3d_sync_bitmap              [   0.08919] _al_d3d_sync_bitmap (system) ref count == 1
d3d      D          d3d_bmp.cpp:460  _al_d3d_sync_bitmap              [   0.08924] _al_d3d_sync_bitmap (video) ref count == 1
font     D                ttf.c:786  al_load_ttf_font_stretch_f       [   0.08999] Font assets/gfx/font.ttf loaded with pixel size 0 x 35.
font     D                ttf.c:788  al_load_ttf_font_stretch_f       [   0.09003]     ascent=26.0, descent=-9.0, height=35.0
dtor     D               dtor.c:184  _al_register_destructor          [   0.09006] added dtor for object 063CDEB0, func 58401B45
font     D                ttf.c:786  al_load_ttf_font_stretch_f       [   0.09059] Font assets/gfx/font.ttf loaded with pixel size 0 x 50.
font     D                ttf.c:788  al_load_ttf_font_stretch_f       [   0.09063]     ascent=38.0, descent=-12.0, height=50.0
dtor     D               dtor.c:184  _al_register_destructor          [   0.09065] added dtor for object 063CDE08, func 58401B45
dtor     D               dtor.c:184  _al_register_destructor          [   0.10806] added dtor for object 0641FDD8, func 5840278E
d3d      D         d3d_disp.cpp:1165 real_choose_bitmap_format        [   0.10997] Fake format
d3d      D         d3d_disp.cpp:1165 real_choose_bitmap_format        [   0.11000] Fake format
d3d      D         d3d_disp.cpp:1165 real_choose_bitmap_format        [   0.11001] Fake format
d3d      D         d3d_disp.cpp:1165 real_choose_bitmap_format        [   0.11002] Fake format
d3d      D         d3d_disp.cpp:1165 real_choose_bitmap_format        [   0.11003] Fake format
d3d      D         d3d_disp.cpp:1165 real_choose_bitmap_format        [   0.11004] Fake format
d3d      D         d3d_disp.cpp:1165 real_choose_bitmap_format        [   0.11006] Fake format
d3d      D         d3d_disp.cpp:1165 real_choose_bitmap_format        [   0.11007] Fake format
d3d      D         d3d_disp.cpp:1165 real_choose_bitmap_format        [   0.11008] Fake format
d3d      D         d3d_disp.cpp:1173 real_choose_bitmap_format        [   0.11009] Alpha doesn't match
d3d      D         d3d_disp.cpp:1180 real_choose_bitmap_format        [   0.11011] Adapter format is 23
d3d      D         d3d_disp.cpp:1183 real_choose_bitmap_format        [   0.11013] Found a format
d3d      I         d3d_disp.cpp:2289 _al_d3d_create_bitmap            [   0.11014] Chose bitmap format 9
font     D                ttf.c:216  alloc_glyph_region               [   0.11057] glyph 22x22 (24x24)
d3d      D          d3d_bmp.cpp:455  _al_d3d_sync_bitmap              [   0.12562] _al_d3d_sync_bitmap (system) ref count == 1
d3d      D          d3d_bmp.cpp:460  _al_d3d_sync_bitmap              [   0.12565] _al_d3d_sync_bitmap (video) ref count == 2
font     D                ttf.c:216  alloc_glyph_region               [   0.12585] glyph 23x22 (24x24)
d3d      D          d3d_bmp.cpp:455  _al_d3d_sync_bitmap              [   0.12745] _al_d3d_sync_bitmap (system) ref count == 1
d3d      D          d3d_bmp.cpp:460  _al_d3d_sync_bitmap              [   0.12747] _al_d3d_sync_bitmap (video) ref count == 2
font     D                ttf.c:216  alloc_glyph_region               [   0.12759] glyph 22x22 (24x24)
d3d      D          d3d_bmp.cpp:455  _al_d3d_sync_bitmap              [   0.12910] _al_d3d_sync_bitmap (system) ref count == 1
d3d      D          d3d_bmp.cpp:460  _al_d3d_sync_bitmap              [   0.12911] _al_d3d_sync_bitmap (video) ref count == 2
font     D                ttf.c:216  alloc_glyph_region               [   0.12925] glyph 18x22 (20x24)
d3d      D          d3d_bmp.cpp:455  _al_d3d_sync_bitmap              [   0.13081] _al_d3d_sync_bitmap (system) ref count == 1
d3d      D          d3d_bmp.cpp:460  _al_d3d_sync_bitmap              [   0.13083] _al_d3d_sync_bitmap (video) ref count == 2
font     D                ttf.c:216  alloc_glyph_region               [   0.13097] glyph 22x22 (24x24)
d3d      D          d3d_bmp.cpp:455  _al_d3d_sync_bitmap              [   0.13250] _al_d3d_sync_bitmap (system) ref count == 1
d3d      D          d3d_bmp.cpp:460  _al_d3d_sync_bitmap              [   0.13251] _al_d3d_sync_bitmap (video) ref count == 2
font     D                ttf.c:216  alloc_glyph_region               [   0.13262] glyph 7x22 (8x24)
d3d      D          d3d_bmp.cpp:455  _al_d3d_sync_bitmap              [   0.13418] _al_d3d_sync_bitmap (system) ref count == 1
d3d      D          d3d_bmp.cpp:460  _al_d3d_sync_bitmap              [   0.13420] _al_d3d_sync_bitmap (video) ref count == 2
font     D                ttf.c:216  alloc_glyph_region               [   0.13434] glyph 26x27 (28x28)
d3d      D          d3d_bmp.cpp:455  _al_d3d_sync_bitmap              [   0.13586] _al_d3d_sync_bitmap (system) ref count == 1
d3d      D          d3d_bmp.cpp:460  _al_d3d_sync_bitmap              [   0.13588] _al_d3d_sync_bitmap (video) ref count == 2
font     D                ttf.c:216  alloc_glyph_region               [   0.13603] glyph 15x28 (16x28)
d3d      D          d3d_bmp.cpp:455  _al_d3d_sync_bitmap              [   0.13735] _al_d3d_sync_bitmap (system) ref count == 1
d3d      D          d3d_bmp.cpp:460  _al_d3d_sync_bitmap              [   0.13736] _al_d3d_sync_bitmap (video) ref count == 2
font     D                ttf.c:216  alloc_glyph_region               [   0.13746] glyph 7x29 (8x32)
d3d      D          d3d_bmp.cpp:455  _al_d3d_sync_bitmap              [   0.13873] _al_d3d_sync_bitmap (system) ref count == 1
d3d      D          d3d_bmp.cpp:460  _al_d3d_sync_bitmap              [   0.13875] _al_d3d_sync_bitmap (video) ref count == 2
font     D                ttf.c:216  alloc_glyph_region               [   0.13891] glyph 31x22 (32x24)
d3d      D          d3d_bmp.cpp:455  _al_d3d_sync_bitmap              [   0.14039] _al_d3d_sync_bitmap (system) ref count == 1
d3d      D          d3d_bmp.cpp:460  _al_d3d_sync_bitmap              [   0.14041] _al_d3d_sync_bitmap (video) ref count == 2
font     D                ttf.c:216  alloc_glyph_region               [   0.14060] glyph 26x27 (28x28)
d3d      D          d3d_bmp.cpp:455  _al_d3d_sync_bitmap              [   0.14188] _al_d3d_sync_bitmap (system) ref count == 1
d3d      D          d3d_bmp.cpp:460  _al_d3d_sync_bitmap              [   0.14190] _al_d3d_sync_bitmap (video) ref count == 2
d3d      D          d3d_bmp.cpp:455  _al_d3d_sync_bitmap              [   0.14497] _al_d3d_sync_bitmap (system) ref count == 1
d3d      D          d3d_bmp.cpp:460  _al_d3d_sync_bitmap              [   0.14500] _al_d3d_sync_bitmap (video) ref count == 1
d3d      D          d3d_bmp.cpp:455  _al_d3d_sync_bitmap              [   0.14645] _al_d3d_sync_bitmap (system) ref count == 1
d3d      D          d3d_bmp.cpp:460  _al_d3d_sync_bitmap              [   0.14647] _al_d3d_sync_bitmap (video) ref count == 1
d3d      D          d3d_bmp.cpp:455  _al_d3d_sync_bitmap              [   0.14693] _al_d3d_sync_bitmap (system) ref count == 1
d3d      D          d3d_bmp.cpp:460  _al_d3d_sync_bitmap              [   0.14695] _al_d3d_sync_bitmap (video) ref count == 1
d3d      D          d3d_bmp.cpp:455  _al_d3d_sync_bitmap              [   0.14792] _al_d3d_sync_bitmap (system) ref count == 1
d3d      D          d3d_bmp.cpp:460  _al_d3d_sync_bitmap              [   0.14794] _al_d3d_sync_bitmap (video) ref count == 2
dtor     D               dtor.c:184  _al_register_destructor          [   1.10435] added dtor for object 007A9C60, func 58402365
audio-dsound D           dsound.cpp:296  _dsound_allocate_voice           [   1.10443] Allocating voice
audio-dsound D           dsound.cpp:355  _dsound_allocate_voice           [   1.10445] Allocated voice
dtor     D               dtor.c:184  _al_register_destructor          [   1.10446] added dtor for object 007801E8, func 584024FF
dtor     D               dtor.c:184  _al_register_destructor          [   1.10448] added dtor for object 041C8F00, func 584028FB
audio-dsound D           dsound.cpp:452  _dsound_start_voice              [   1.10450] Starting voice
audio-dsound D           dsound.cpp:481  _dsound_start_voice              [   1.10451] CreateSoundBuffer
audio-dsound D           dsound.cpp:490  _dsound_start_voice              [   1.10535] CreateSoundBuffer succeeded
audio-dsound D           dsound.cpp:496  _dsound_start_voice              [   1.10538] Starting _dsound_update thread
audio-dsound I           dsound.cpp:506  _dsound_start_voice              [   1.10546] Voice started
dtor     D               dtor.c:184  _al_register_destructor          [   1.10549] added dtor for object 063BF0B8, func 584023D8
audio    D          kcm_mixer.c:121  _al_rechannel_matrix             [   1.10551] sample matrix:
audio    D          kcm_mixer.c:127  _al_rechannel_matrix             [   1.10553] 
audio    D          kcm_mixer.c:127  _al_rechannel_matrix             [   1.10554] 
dtor     D               dtor.c:184  _al_register_destructor          [   1.10555] added dtor for object 063BF1C0, func 584023D8
audio    D          kcm_mixer.c:121  _al_rechannel_matrix             [   1.10557] sample matrix:
audio    D          kcm_mixer.c:127  _al_rechannel_matrix             [   1.10558] 
audio    D          kcm_mixer.c:127  _al_rechannel_matrix             [   1.10559] 
dtor     D               dtor.c:184  _al_register_destructor          [   1.10560] added dtor for object 063BF2C8, func 584023D8
audio    D          kcm_mixer.c:121  _al_rechannel_matrix             [   1.10562] sample matrix:
audio    D          kcm_mixer.c:127  _al_rechannel_matrix             [   1.10564]  0.707107 0.000000
audio    D          kcm_mixer.c:127  _al_rechannel_matrix             [   1.10565]  0.000000 0.707107
dtor     D               dtor.c:214  _al_unregister_destructor        [   6.62655] removed dtor for object 007A9B40
dtor     D               dtor.c:214  _al_unregister_destructor        [   6.62658] removed dtor for object 007A9C60
dtor     D               dtor.c:214  _al_unregister_destructor        [   6.63064] removed dtor for object 063CDEB0
d3d      W          d3d_bmp.cpp:725  d3d_destroy_bitmap               [   6.63078] d3d_destroy_bitmap: Release video texture failed.
dtor     D               dtor.c:214  _al_unregister_destructor        [   6.63105] removed dtor for object 063BF2C8
dtor     D               dtor.c:214  _al_unregister_destructor        [   6.63108] removed dtor for object 063BCF18
dtor     D               dtor.c:214  _al_unregister_destructor        [   6.63187] removed dtor for object 007DD528
dtor     D               dtor.c:214  _al_unregister_destructor        [   6.63192] removed dtor for object 007DD388
dtor     D               dtor.c:214  _al_unregister_destructor        [   6.63194] removed dtor for object 007DD458
dtor     D               dtor.c:214  _al_unregister_destructor        [   6.63196] removed dtor for object 0641FDD8
d3d      I         d3d_disp.cpp:920  d3d_destroy_display              [   6.63198] destroying display 007811B0 (current 00000000)
bitmap   D             bitmap.c:874  _al_convert_to_memory_bitmap     [   6.63201] converting display bitmap 063A75D0 to memory bitmap
d3d      D          d3d_bmp.cpp:455  _al_d3d_sync_bitmap              [   6.63272] _al_d3d_sync_bitmap (system) ref count == 1
d3d      D          d3d_bmp.cpp:460  _al_d3d_sync_bitmap              [   6.63275] _al_d3d_sync_bitmap (video) ref count == 1
bitmap   D             bitmap.c:874  _al_convert_to_memory_bitmap     [   6.63284] converting display bitmap 063A7F40 to memory bitmap
d3d      D          d3d_bmp.cpp:455  _al_d3d_sync_bitmap              [   6.63991] _al_d3d_sync_bitmap (system) ref count == 1
d3d      D          d3d_bmp.cpp:460  _al_d3d_sync_bitmap              [   6.63994] _al_d3d_sync_bitmap (video) ref count == 1
d3d      D         d3d_disp.cpp:904  d3d_destroy_display_internals    [   6.64009] waiting for display 007811B0's thread to end
d3d      W         d3d_disp.cpp:616  d3d_destroy_device               [   6.65430] d3d_destroy_device: ref count not 0
d3d      I         d3d_disp.cpp:1522 d3d_display_thread_proc          [   6.67143] d3d display thread exits
dtor     D               dtor.c:114  _al_run_destructors              [   6.67150] calling dtor for object 063CDE08, func 58401B45
dtor     D               dtor.c:214  _al_unregister_destructor        [   6.67151] removed dtor for object 063CDE08
dtor     D               dtor.c:114  _al_run_destructors              [   6.67157] calling dtor for object 063A75D0, func 58402581
dtor     D               dtor.c:214  _al_unregister_destructor        [   6.67158] removed dtor for object 063A75D0
dtor     D               dtor.c:114  _al_run_destructors              [   6.67159] calling dtor for object 063A7F40, func 58402581
dtor     D               dtor.c:214  _al_unregister_destructor        [   6.67160] removed dtor for object 063A7F40
dtor     D               dtor.c:214  _al_unregister_destructor        [   6.67164] removed dtor for object 063BF0B8
dtor     D               dtor.c:214  _al_unregister_destructor        [   6.67165] removed dtor for object 063BF1C0
dtor     D               dtor.c:214  _al_unregister_destructor        [   6.67166] removed dtor for object 041C8F00
audio-dsound D           dsound.cpp:516  _dsound_stop_voice               [   6.67167] Stopping voice
audio-dsound D           dsound.cpp:532  _dsound_stop_voice               [   6.67168] Joining thread
audio-dsound D           dsound.cpp:538  _dsound_stop_voice               [   6.67462] Joined thread
audio-dsound D           dsound.cpp:540  _dsound_stop_voice               [   6.67465] Destroying thread
audio-dsound D           dsound.cpp:542  _dsound_stop_voice               [   6.67466] Thread destroyed
audio-dsound D           dsound.cpp:545  _dsound_stop_voice               [   6.67468] Releasing buffer
audio-dsound I           dsound.cpp:549  _dsound_stop_voice               [   6.67469] Voice stopped
dtor     D               dtor.c:214  _al_unregister_destructor        [   6.67472] removed dtor for object 007801E8
audio-dsound D           dsound.cpp:365  _dsound_deallocate_voice         [   6.67473] Deallocating voice
audio-dsound D           dsound.cpp:370  _dsound_deallocate_voice         [   6.67474] Deallocated voice
audio-dsound D           dsound.cpp:279  _dsound_close                    [   6.67475] Releasing device
audio-dsound D           dsound.cpp:281  _dsound_close                    [   6.68879] Released device
audio-dsound I           dsound.cpp:284  _dsound_close                    [   6.68882] DirectSound closed
