Build started 2014-03-30 13:34:00.
     1>Project "D:\Iza\projekt\SNK\SNK\SNK.vcxproj" on node 2 (Build target(s)).
     1>PrepareForBuild:
         Creating directory "D:\Iza\projekt\SNK\Release\".
       InitializeBuildStatus:
         Creating "Release\SNK.unsuccessfulbuild" because "AlwaysCreate" was specified.
       ClCompile:
         D:\DPNE\VS\VC\bin\CL.exe /c /Ic:\all10\include /Zi /nologo /W3 /WX- /O2 /Oi /Oy- /GL /D _MBCS /Gm- /EHsc /MD /GS /Gy /fp:precise /Zc:wchar_t /Zc:forScope /Fo"Release\\" /Fd"Release\vc110.pdb" /Gd /TP /analyze- /errorReport:prompt Mainall.cpp
         Mainall.cpp
     1>d:\iza\projekt\snk\snk\Snake.h(119): warning C4018: '<' : signed/unsigned mismatch
     1>d:\iza\projekt\snk\snk\FrManager.h(44): warning C4018: '<' : signed/unsigned mismatch
     1>d:\iza\projekt\snk\snk\FrManager.h(51): warning C4018: '<' : signed/unsigned mismatch
     1>d:\iza\projekt\snk\snk\FrManager.h(78): warning C4018: '<' : signed/unsigned mismatch
     1>d:\iza\projekt\snk\snk\FrManager.h(84): warning C4018: '<' : signed/unsigned mismatch
       Link:
         D:\DPNE\VS\VC\bin\link.exe /ERRORREPORT:PROMPT /OUT:"D:\Iza\projekt\SNK\Release\SNK.exe" /NOLOGO /LIBPATH:c:\all10\lib kernel32.lib user32.lib gdi32.lib winspool.lib comdlg32.lib advapi32.lib shell32.lib ole32.lib oleaut32.lib uuid.lib odbc32.lib odbccp32.lib kernel32.lib user32.lib gdi32.lib winspool.lib comdlg32.lib advapi32.lib shell32.lib ole32.lib oleaut32.lib uuid.lib odbc32.lib odbccp32.lib "allegro-5.0.8-monolith-md.lib" /MANIFEST /MANIFESTUAC:"level='asInvoker' uiAccess='false'" /manifest:embed /DEBUG /PDB:"D:\Iza\projekt\SNK\Release\SNK.pdb" /OPT:REF /OPT:ICF /LTCG /TLBID:1 /DYNAMICBASE /NXCOMPAT /IMPLIB:"D:\Iza\projekt\SNK\Release\SNK.lib" /MACHINE:X86 /SAFESEH Release\Mainall.obj
         Generating code
         Finished generating code
         SNK.vcxproj -> D:\Iza\projekt\SNK\Release\SNK.exe
       FinalizeBuildStatus:
         Deleting file "Release\SNK.unsuccessfulbuild".
         Touching "Release\SNK.lastbuildstate".
     1>Done Building Project "D:\Iza\projekt\SNK\SNK\SNK.vcxproj" (Build target(s)).

Build succeeded.

Time Elapsed 00:00:03.31
