E:\GITHUB\STARHUNTER\STARHUNTERSTM\STARHUNTER\SNK\RELEAS1\ALLEGROINPUTMANAGER.OBJ
E:\GITHUB\STARHUNTER\STARHUNTERSTM\STARHUNTER\SNK\RELEAS1\ALLEGROSTOPWATCH.OBJ
E:\GITHUB\STARHUNTER\STARHUNTERSTM\STARHUNTER\SNK\RELEAS1\DISPLAY.OBJ
E:\GITHUB\STARHUNTER\STARHUNTERSTM\STARHUNTER\SNK\RELEAS1\ENTITY.OBJ
E:\GITHUB\STARHUNTER\STARHUNTERSTM\STARHUNTER\SNK\RELEAS1\GUI.OBJ
E:\GITHUB\STARHUNTER\STARHUNTERSTM\STARHUNTER\SNK\RELEAS1\GAME.OBJ
E:\GITHUB\STARHUNTER\STARHUNTERSTM\STARHUNTER\SNK\RELEAS1\GAMETIMER.OBJ
E:\GITHUB\STARHUNTER\STARHUNTERSTM\STARHUNTER\SNK\RELEAS1\HID.OBJ
E:\GITHUB\STARHUNTER\STARHUNTERSTM\STARHUNTER\SNK\RELEAS1\INPUTMANAGER.OBJ
E:\GITHUB\STARHUNTER\STARHUNTERSTM\STARHUNTER\SNK\RELEAS1\MAIN.OBJ
E:\GITHUB\STARHUNTER\STARHUNTERSTM\STARHUNTER\SNK\RELEAS1\MYEXCEPTION.OBJ
E:\GITHUB\STARHUNTER\STARHUNTERSTM\STARHUNTER\SNK\RELEAS1\PLAYER.OBJ
E:\GITHUB\STARHUNTER\STARHUNTERSTM\STARHUNTER\SNK\RELEAS1\RESOURCESMANAGER.OBJ
E:\GITHUB\STARHUNTER\STARHUNTERSTM\STARHUNTER\SNK\RELEAS1\SOUND.OBJ
E:\GITHUB\STARHUNTER\STARHUNTERSTM\STARHUNTER\SNK\RELEAS1\SPACEBACKGROUND.OBJ
E:\GITHUB\STARHUNTER\STARHUNTERSTM\STARHUNTER\SNK\RELEAS1\SPRITE.OBJ
E:\GITHUB\STARHUNTER\STARHUNTERSTM\STARHUNTER\SNK\RELEAS1\STAR.OBJ
E:\GITHUB\STARHUNTER\STARHUNTERSTM\STARHUNTER\SNK\RELEAS1\STMINPUTMANAGER.OBJ
E:\GITHUB\STARHUNTER\STARHUNTERSTM\STARHUNTER\SNK\RELEAS1\STOPWATCH.OBJ
E:\GITHUB\STARHUNTER\STARHUNTERSTM\STARHUNTER\SNK\RELEAS1\TILEDSPRITE.OBJ
E:\GITHUB\STARHUNTER\STARHUNTERSTM\STARHUNTER\SNK\RELEAS1\ALLEGROINITIALIZER.OBJ
E:\GITHUB\STARHUNTER\STARHUNTERSTM\STARHUNTER\SNK\RELEAS1\VC110.PDB
E:\GITHUB\STARHUNTER\STARHUNTERSTM\STARHUNTER\RELEAS1\STARHUNTER.ILK
E:\GITHUB\STARHUNTER\STARHUNTERSTM\STARHUNTER\RELEAS1\STARHUNTER.EXE
E:\GITHUB\STARHUNTER\STARHUNTERSTM\STARHUNTER\RELEAS1\STARHUNTER.PDB
E:\GITHUB\StarHunter\StarHunterSTM\StarHunter\SNK\Releas1\AllegroInitializer.obj
E:\GITHUB\StarHunter\StarHunterSTM\StarHunter\SNK\Releas1\AllegroInputManager.obj
E:\GITHUB\StarHunter\StarHunterSTM\StarHunter\SNK\Releas1\AllegroStopWatch.obj
E:\GITHUB\StarHunter\StarHunterSTM\StarHunter\SNK\Releas1\Display.obj
E:\GITHUB\StarHunter\StarHunterSTM\StarHunter\SNK\Releas1\Entity.obj
E:\GITHUB\StarHunter\StarHunterSTM\StarHunter\SNK\Releas1\Game.obj
E:\GITHUB\StarHunter\StarHunterSTM\StarHunter\SNK\Releas1\GameTimer.obj
E:\GITHUB\StarHunter\StarHunterSTM\StarHunter\SNK\Releas1\Gui.obj
E:\GITHUB\StarHunter\StarHunterSTM\StarHunter\SNK\Releas1\hid.obj
E:\GITHUB\StarHunter\StarHunterSTM\StarHunter\SNK\Releas1\InputManager.obj
E:\GITHUB\StarHunter\StarHunterSTM\StarHunter\SNK\Releas1\main.obj
E:\GITHUB\StarHunter\StarHunterSTM\StarHunter\SNK\Releas1\MyException.obj
E:\GITHUB\StarHunter\StarHunterSTM\StarHunter\SNK\Releas1\Player.obj
E:\GITHUB\StarHunter\StarHunterSTM\StarHunter\SNK\Releas1\ResourcesManager.obj
E:\GITHUB\StarHunter\StarHunterSTM\StarHunter\SNK\Releas1\Sound.obj
E:\GITHUB\StarHunter\StarHunterSTM\StarHunter\SNK\Releas1\SpaceBackground.obj
E:\GITHUB\StarHunter\StarHunterSTM\StarHunter\SNK\Releas1\Sprite.obj
E:\GITHUB\StarHunter\StarHunterSTM\StarHunter\SNK\Releas1\Star.obj
E:\GITHUB\StarHunter\StarHunterSTM\StarHunter\SNK\Releas1\STMInputManager.obj
E:\GITHUB\StarHunter\StarHunterSTM\StarHunter\SNK\Releas1\Stopwatch.obj
E:\GITHUB\StarHunter\StarHunterSTM\StarHunter\SNK\Releas1\TiledSprite.obj
E:\GITHUB\StarHunter\StarHunterSTM\StarHunter\SNK\Releas1\cl.command.1.tlog
E:\GITHUB\StarHunter\StarHunterSTM\StarHunter\SNK\Releas1\CL.read.1.tlog
E:\GITHUB\StarHunter\StarHunterSTM\StarHunter\SNK\Releas1\CL.write.1.tlog
E:\GITHUB\StarHunter\StarHunterSTM\StarHunter\SNK\Releas1\link-cvtres.read.1.tlog
E:\GITHUB\StarHunter\StarHunterSTM\StarHunter\SNK\Releas1\link-cvtres.write.1.tlog
E:\GITHUB\StarHunter\StarHunterSTM\StarHunter\SNK\Releas1\link-rc.read.1.tlog
E:\GITHUB\StarHunter\StarHunterSTM\StarHunter\SNK\Releas1\link-rc.write.1.tlog
E:\GITHUB\StarHunter\StarHunterSTM\StarHunter\SNK\Releas1\link.3232-cvtres.read.1.tlog
E:\GITHUB\StarHunter\StarHunterSTM\StarHunter\SNK\Releas1\link.3232-cvtres.write.1.tlog
E:\GITHUB\StarHunter\StarHunterSTM\StarHunter\SNK\Releas1\link.3232-rc.read.1.tlog
E:\GITHUB\StarHunter\StarHunterSTM\StarHunter\SNK\Releas1\link.3232-rc.write.1.tlog
E:\GITHUB\StarHunter\StarHunterSTM\StarHunter\SNK\Releas1\link.3232.read.1.tlog
E:\GITHUB\StarHunter\StarHunterSTM\StarHunter\SNK\Releas1\link.3232.write.1.tlog
E:\GITHUB\StarHunter\StarHunterSTM\StarHunter\SNK\Releas1\link.command.1.tlog
E:\GITHUB\StarHunter\StarHunterSTM\StarHunter\SNK\Releas1\link.read.1.tlog
E:\GITHUB\StarHunter\StarHunterSTM\StarHunter\SNK\Releas1\link.write.1.tlog
E:\GITHUB\StarHunter\StarHunterSTM\StarHunter\SNK\Releas1\vc110.idb
E:\GITHUB\StarHunter\StarHunterSTM\StarHunter\SNK\Releas1\vc110.pdb
E:\GITHUB\StarHunter\StarHunterSTM\StarHunter\Releas1\StarHunter.pdb
E:\GITHUB\StarHunter\StarHunterSTM\StarHunter\Releas1\StarHunter.exe
E:\GITHUB\StarHunter\StarHunterSTM\StarHunter\Releas1\StarHunter.ilk
