Build started 2014-05-07 17:31:31.
     1>Project "E:\GITHUB\StarHunter\StarHunterSTM\StarHunter\SNK\SNK.vcxproj" on node 2 (Build target(s)).
     1>ClCompile:
         F:\Apps\VisualStudio2012\VC\bin\CL.exe /c /IC:\allegro\include /ZI /nologo /W3 /WX- /Od /Oy- /D _MBCS /Gm /EHsc /RTC1 /MDd /GS /fp:precise /Zc:wchar_t /Zc:forScope /Fo"Debug\\" /Fd"Debug\vc110.pdb" /Gd /TP /analyze- /errorReport:prompt Game.cpp GameTimer.cpp STMInputManager.cpp
         STMInputManager.cpp
         GameTimer.cpp
         Game.cpp
         Generating Code...
       Link:
         F:\Apps\VisualStudio2012\VC\bin\link.exe /ERRORREPORT:PROMPT /OUT:"E:\GITHUB\StarHunter\StarHunterSTM\StarHunter\Debug\StarHunter.exe" /INCREMENTAL /NOLOGO /LIBPATH:C:\allegro\lib "allegro-5.0.8-monolith-md.lib" /MANIFEST /MANIFESTUAC:"level='asInvoker' uiAccess='false'" /manifest:embed /DEBUG /PDB:"E:\GITHUB\StarHunter\StarHunterSTM\StarHunter\Debug\StarHunter.pdb" /TLBID:1 /DYNAMICBASE /NXCOMPAT /IMPLIB:"E:\GITHUB\StarHunter\StarHunterSTM\StarHunter\Debug\StarHunter.lib" /MACHINE:X86 Debug\AllegroInitializer.obj
         Debug\AllegroInputManager.obj
         Debug\AllegroStopWatch.obj
         Debug\Display.obj
         Debug\Entity.obj
         Debug\Gui.obj
         Debug\Game.obj
         Debug\GameTimer.obj
         Debug\hid.obj
         Debug\InputManager.obj
         Debug\main.obj
         Debug\MyException.obj
         Debug\Player.obj
         Debug\ResourcesManager.obj
         Debug\Sound.obj
         Debug\SpaceBackground.obj
         Debug\Sprite.obj
         Debug\Star.obj
         Debug\STMInputManager.obj
         Debug\Stopwatch.obj
         Debug\TiledSprite.obj
         SNK.vcxproj -> E:\GITHUB\StarHunter\StarHunterSTM\StarHunter\Debug\StarHunter.exe
     1>Done Building Project "E:\GITHUB\StarHunter\StarHunterSTM\StarHunter\SNK\SNK.vcxproj" (Build target(s)).

Build succeeded.

Time Elapsed 00:00:03.78
