D:\IZA\BUDA\IV SEMESTR\PTM\PROJKT PROBA\STARHUNTERSTM\STARHUNTER\SNK\DEBUG\DISPLAY.OBJ
D:\IZA\BUDA\IV SEMESTR\PTM\PROJKT PROBA\STARHUNTERSTM\STARHUNTER\SNK\DEBUG\HID.OBJ
D:\IZA\BUDA\IV SEMESTR\PTM\PROJKT PROBA\STARHUNTERSTM\STARHUNTER\SNK\DEBUG\HID_CON.OBJ
D:\IZA\BUDA\IV SEMESTR\PTM\PROJKT PROBA\STARHUNTERSTM\STARHUNTER\SNK\DEBUG\MAIN.OBJ
D:\IZA\BUDA\IV SEMESTR\PTM\PROJKT PROBA\STARHUNTERSTM\STARHUNTER\SNK\DEBUG\MYEXCEPTION.OBJ
D:\IZA\BUDA\IV SEMESTR\PTM\PROJKT PROBA\STARHUNTERSTM\STARHUNTER\SNK\DEBUG\SPRITE.OBJ
D:\IZA\BUDA\IV SEMESTR\PTM\PROJKT PROBA\STARHUNTERSTM\STARHUNTER\SNK\DEBUG\TILEDSPRITE.OBJ
D:\IZA\BUDA\IV SEMESTR\PTM\PROJKT PROBA\STARHUNTERSTM\STARHUNTER\SNK\DEBUG\VC110.PDB
D:\IZA\BUDA\IV SEMESTR\PTM\PROJKT PROBA\STARHUNTERSTM\STARHUNTER\DEBUG\STARHUNTER.ILK
D:\IZA\BUDA\IV SEMESTR\PTM\PROJKT PROBA\STARHUNTERSTM\STARHUNTER\DEBUG\STARHUNTER.EXE
D:\IZA\BUDA\IV SEMESTR\PTM\PROJKT PROBA\STARHUNTERSTM\STARHUNTER\DEBUG\STARHUNTER.PDB
D:\Iza\buda\IV semestr\PTM\projkt proba\StarHunterSTM\StarHunter\SNK\Debug\Display.obj
D:\Iza\buda\IV semestr\PTM\projkt proba\StarHunterSTM\StarHunter\SNK\Debug\hid.obj
D:\Iza\buda\IV semestr\PTM\projkt proba\StarHunterSTM\StarHunter\SNK\Debug\hid_con.obj
D:\Iza\buda\IV semestr\PTM\projkt proba\StarHunterSTM\StarHunter\SNK\Debug\main.obj
D:\Iza\buda\IV semestr\PTM\projkt proba\StarHunterSTM\StarHunter\SNK\Debug\MyException.obj
D:\Iza\buda\IV semestr\PTM\projkt proba\StarHunterSTM\StarHunter\SNK\Debug\Sprite.obj
D:\Iza\buda\IV semestr\PTM\projkt proba\StarHunterSTM\StarHunter\SNK\Debug\TiledSprite.obj
D:\Iza\buda\IV semestr\PTM\projkt proba\StarHunterSTM\StarHunter\SNK\Debug\cl.command.1.tlog
D:\Iza\buda\IV semestr\PTM\projkt proba\StarHunterSTM\StarHunter\SNK\Debug\CL.read.1.tlog
D:\Iza\buda\IV semestr\PTM\projkt proba\StarHunterSTM\StarHunter\SNK\Debug\CL.write.1.tlog
D:\Iza\buda\IV semestr\PTM\projkt proba\StarHunterSTM\StarHunter\SNK\Debug\link-cvtres.read.1.tlog
D:\Iza\buda\IV semestr\PTM\projkt proba\StarHunterSTM\StarHunter\SNK\Debug\link-cvtres.write.1.tlog
D:\Iza\buda\IV semestr\PTM\projkt proba\StarHunterSTM\StarHunter\SNK\Debug\link-rc.read.1.tlog
D:\Iza\buda\IV semestr\PTM\projkt proba\StarHunterSTM\StarHunter\SNK\Debug\link-rc.write.1.tlog
D:\Iza\buda\IV semestr\PTM\projkt proba\StarHunterSTM\StarHunter\SNK\Debug\link.command.1.tlog
D:\Iza\buda\IV semestr\PTM\projkt proba\StarHunterSTM\StarHunter\SNK\Debug\link.read.1.tlog
D:\Iza\buda\IV semestr\PTM\projkt proba\StarHunterSTM\StarHunter\SNK\Debug\link.write.1.tlog
D:\Iza\buda\IV semestr\PTM\projkt proba\StarHunterSTM\StarHunter\SNK\Debug\vc110.idb
D:\Iza\buda\IV semestr\PTM\projkt proba\StarHunterSTM\StarHunter\SNK\Debug\vc110.pdb
D:\Iza\buda\IV semestr\PTM\projkt proba\StarHunterSTM\StarHunter\Debug\StarHunter.pdb
D:\Iza\buda\IV semestr\PTM\projkt proba\StarHunterSTM\StarHunter\Debug\StarHunter.exe
D:\Iza\buda\IV semestr\PTM\projkt proba\StarHunterSTM\StarHunter\Debug\StarHunter.ilk
