system   D            wsystem.c:583  maybe_parent_dir                 [   0.00019] Also searching F:\C++ projects\StarHunter\
system   D            wsystem.c:633  _al_win_safe_load_library        [   0.00033] PathFindOnPath found: C:\Windows\system32\d3d9.dll
system   D            wsystem.c:544  load_library_at_path             [   0.00034] Calling LoadLibrary C:\Windows\system32\d3d9.dll
system   I            wsystem.c:547  load_library_at_path             [   0.00103] Loaded C:\Windows\system32\d3d9.dll
d3d      I         d3d_disp.cpp:695  _al_d3d_init_display             [   0.00836] Render-to-texture: 1
system   I             system.c:272  al_install_system                [   0.00839] Allegro version: 5.0.8
audio-dsound D           dsound.cpp:234  _dsound_open                     [   0.00877] Loading DirectSound module
system   D            wsystem.c:583  maybe_parent_dir                 [   0.00881] Also searching F:\C++ projects\StarHunter\
system   D            wsystem.c:633  _al_win_safe_load_library        [   0.00891] PathFindOnPath found: C:\Windows\system32\dsound.dll
system   D            wsystem.c:544  load_library_at_path             [   0.00892] Calling LoadLibrary C:\Windows\system32\dsound.dll
system   I            wsystem.c:547  load_library_at_path             [   0.00933] Loaded C:\Windows\system32\dsound.dll
audio-dsound I           dsound.cpp:251  _dsound_open                     [   0.00936] Starting DirectSound...
audio-dsound D           dsound.cpp:261  _dsound_open                     [   0.02055] DirectSoundCreate8 succeeded
audio    I              audio.c:286  do_install_audio                 [   0.02115] Using DirectSound driver
d3d      I         d3d_disp.cpp:1732 d3d_create_display_locked        [   0.02175] faux_fullscreen=0
d3d      D         d3d_disp.cpp:1733 d3d_create_display_locked        [   0.02177] al_display=0079D820
d3d      D         d3d_disp.cpp:1734 d3d_create_display_locked        [   0.02178] al_display->vt=0076DB70
d3d      I d3d_display_formats.cpp:144  _al_d3d_generate_display_format_list [   0.02599] found 128 format combinations
display  D   display_settings.c:191  debug_display_settings           [   0.02601] color: 32 (rgba 8880), depth: 0, stencil: 0, acc: 0000, samples: 0/0
display  D   display_settings.c:506  _al_score_display_settings       [   0.02603] Score is : 897
display  D   display_settings.c:191  debug_display_settings           [   0.02603] color: 32 (rgba 8880), depth: 0, stencil: 0, acc: 0000, samples: 0/0
display  D   display_settings.c:506  _al_score_display_settings       [   0.02605] Score is : 897
display  D   display_settings.c:191  debug_display_settings           [   0.02605] color: 32 (rgba 8880), depth: 0, stencil: 0, acc: 0000, samples: 2/1
display  D   display_settings.c:506  _al_score_display_settings       [   0.02606] Score is : 726
display  D   display_settings.c:191  debug_display_settings           [   0.02607] color: 32 (rgba 8880), depth: 0, stencil: 0, acc: 0000, samples: 3/1
display  D   display_settings.c:506  _al_score_display_settings       [   0.02608] Score is : 721
display  D   display_settings.c:191  debug_display_settings           [   0.02609] color: 32 (rgba 8880), depth: 24, stencil: 8, acc: 0000, samples: 0/0
display  D   display_settings.c:506  _al_score_display_settings       [   0.02610] Score is : 897
display  D   display_settings.c:191  debug_display_settings           [   0.02611] color: 32 (rgba 8880), depth: 24, stencil: 8, acc: 0000, samples: 0/0
display  D   display_settings.c:506  _al_score_display_settings       [   0.02612] Score is : 897
display  D   display_settings.c:191  debug_display_settings           [   0.02613] color: 32 (rgba 8880), depth: 24, stencil: 8, acc: 0000, samples: 2/1
display  D   display_settings.c:506  _al_score_display_settings       [   0.02614] Score is : 726
display  D   display_settings.c:191  debug_display_settings           [   0.02615] color: 32 (rgba 8880), depth: 24, stencil: 8, acc: 0000, samples: 3/1
display  D   display_settings.c:506  _al_score_display_settings       [   0.02616] Score is : 721
display  D   display_settings.c:191  debug_display_settings           [   0.02620] color: 32 (rgba 8880), depth: 24, stencil: 0, acc: 0000, samples: 0/0
display  D   display_settings.c:506  _al_score_display_settings       [   0.02621] Score is : 897
display  D   display_settings.c:191  debug_display_settings           [   0.02622] color: 32 (rgba 8880), depth: 24, stencil: 0, acc: 0000, samples: 0/0
display  D   display_settings.c:506  _al_score_display_settings       [   0.02623] Score is : 897
display  D   display_settings.c:191  debug_display_settings           [   0.02624] color: 32 (rgba 8880), depth: 24, stencil: 0, acc: 0000, samples: 2/1
display  D   display_settings.c:506  _al_score_display_settings       [   0.02625] Score is : 726
display  D   display_settings.c:191  debug_display_settings           [   0.02626] color: 32 (rgba 8880), depth: 24, stencil: 0, acc: 0000, samples: 3/1
display  D   display_settings.c:506  _al_score_display_settings       [   0.02627] Score is : 721
display  D   display_settings.c:191  debug_display_settings           [   0.02627] color: 32 (rgba 8880), depth: 16, stencil: 0, acc: 0000, samples: 0/0
display  D   display_settings.c:506  _al_score_display_settings       [   0.02629] Score is : 897
display  D   display_settings.c:191  debug_display_settings           [   0.02629] color: 32 (rgba 8880), depth: 16, stencil: 0, acc: 0000, samples: 0/0
display  D   display_settings.c:506  _al_score_display_settings       [   0.02631] Score is : 897
display  D   display_settings.c:191  debug_display_settings           [   0.02632] color: 32 (rgba 8880), depth: 16, stencil: 0, acc: 0000, samples: 2/1
display  D   display_settings.c:506  _al_score_display_settings       [   0.02633] Score is : 726
display  D   display_settings.c:191  debug_display_settings           [   0.02633] color: 32 (rgba 8880), depth: 16, stencil: 0, acc: 0000, samples: 3/1
display  D   display_settings.c:506  _al_score_display_settings       [   0.02634] Score is : 721
display  D   display_settings.c:191  debug_display_settings           [   0.02635] color: 16 (rgba 5650), depth: 0, stencil: 0, acc: 0000, samples: 0/0
display  D   display_settings.c:506  _al_score_display_settings       [   0.02636] Score is : 897
display  D   display_settings.c:191  debug_display_settings           [   0.02637] color: 16 (rgba 5650), depth: 0, stencil: 0, acc: 0000, samples: 0/0
display  D   display_settings.c:506  _al_score_display_settings       [   0.02638] Score is : 897
display  D   display_settings.c:191  debug_display_settings           [   0.02639] color: 16 (rgba 5650), depth: 0, stencil: 0, acc: 0000, samples: 2/1
display  D   display_settings.c:506  _al_score_display_settings       [   0.02640] Score is : 726
display  D   display_settings.c:191  debug_display_settings           [   0.02641] color: 16 (rgba 5650), depth: 0, stencil: 0, acc: 0000, samples: 3/1
display  D   display_settings.c:506  _al_score_display_settings       [   0.02642] Score is : 721
display  D   display_settings.c:191  debug_display_settings           [   0.02642] color: 16 (rgba 5650), depth: 24, stencil: 8, acc: 0000, samples: 0/0
display  D   display_settings.c:506  _al_score_display_settings       [   0.02643] Score is : 897
display  D   display_settings.c:191  debug_display_settings           [   0.02644] color: 16 (rgba 5650), depth: 24, stencil: 8, acc: 0000, samples: 0/0
display  D   display_settings.c:506  _al_score_display_settings       [   0.02645] Score is : 897
display  D   display_settings.c:191  debug_display_settings           [   0.02646] color: 16 (rgba 5650), depth: 24, stencil: 8, acc: 0000, samples: 2/1
display  D   display_settings.c:506  _al_score_display_settings       [   0.02647] Score is : 726
display  D   display_settings.c:191  debug_display_settings           [   0.02648] color: 16 (rgba 5650), depth: 24, stencil: 8, acc: 0000, samples: 3/1
display  D   display_settings.c:506  _al_score_display_settings       [   0.02649] Score is : 721
display  D   display_settings.c:191  debug_display_settings           [   0.02650] color: 16 (rgba 5650), depth: 24, stencil: 0, acc: 0000, samples: 0/0
display  D   display_settings.c:506  _al_score_display_settings       [   0.02651] Score is : 897
display  D   display_settings.c:191  debug_display_settings           [   0.02652] color: 16 (rgba 5650), depth: 24, stencil: 0, acc: 0000, samples: 0/0
display  D   display_settings.c:506  _al_score_display_settings       [   0.02653] Score is : 897
display  D   display_settings.c:191  debug_display_settings           [   0.02653] color: 16 (rgba 5650), depth: 24, stencil: 0, acc: 0000, samples: 2/1
display  D   display_settings.c:506  _al_score_display_settings       [   0.02654] Score is : 726
display  D   display_settings.c:191  debug_display_settings           [   0.02655] color: 16 (rgba 5650), depth: 24, stencil: 0, acc: 0000, samples: 3/1
display  D   display_settings.c:506  _al_score_display_settings       [   0.02656] Score is : 721
display  D   display_settings.c:191  debug_display_settings           [   0.02657] color: 16 (rgba 5650), depth: 16, stencil: 0, acc: 0000, samples: 0/0
display  D   display_settings.c:506  _al_score_display_settings       [   0.02658] Score is : 897
display  D   display_settings.c:191  debug_display_settings           [   0.02659] color: 16 (rgba 5650), depth: 16, stencil: 0, acc: 0000, samples: 0/0
display  D   display_settings.c:506  _al_score_display_settings       [   0.02660] Score is : 897
display  D   display_settings.c:191  debug_display_settings           [   0.02661] color: 16 (rgba 5650), depth: 16, stencil: 0, acc: 0000, samples: 2/1
display  D   display_settings.c:506  _al_score_display_settings       [   0.02662] Score is : 726
display  D   display_settings.c:191  debug_display_settings           [   0.02662] color: 16 (rgba 5650), depth: 16, stencil: 0, acc: 0000, samples: 3/1
display  D   display_settings.c:506  _al_score_display_settings       [   0.02663] Score is : 721
display  D   display_settings.c:191  debug_display_settings           [   0.02664] color: 32 (rgba 8880), depth: 0, stencil: 0, acc: 0000, samples: 0/0
display  D   display_settings.c:377  _al_score_display_settings       [   0.02665] Single Buffer requirement not met.
display  D   display_settings.c:191  debug_display_settings           [   0.02666] color: 32 (rgba 8880), depth: 0, stencil: 0, acc: 0000, samples: 0/0
display  D   display_settings.c:377  _al_score_display_settings       [   0.02667] Single Buffer requirement not met.
display  D   display_settings.c:191  debug_display_settings           [   0.02668] color: 32 (rgba 8880), depth: 0, stencil: 0, acc: 0000, samples: 2/1
display  D   display_settings.c:377  _al_score_display_settings       [   0.02669] Single Buffer requirement not met.
display  D   display_settings.c:191  debug_display_settings           [   0.02670] color: 32 (rgba 8880), depth: 0, stencil: 0, acc: 0000, samples: 3/1
display  D   display_settings.c:377  _al_score_display_settings       [   0.02671] Single Buffer requirement not met.
display  D   display_settings.c:191  debug_display_settings           [   0.02672] color: 32 (rgba 8880), depth: 24, stencil: 8, acc: 0000, samples: 0/0
display  D   display_settings.c:377  _al_score_display_settings       [   0.02673] Single Buffer requirement not met.
display  D   display_settings.c:191  debug_display_settings           [   0.02673] color: 32 (rgba 8880), depth: 24, stencil: 8, acc: 0000, samples: 0/0
display  D   display_settings.c:377  _al_score_display_settings       [   0.02674] Single Buffer requirement not met.
display  D   display_settings.c:191  debug_display_settings           [   0.02675] color: 32 (rgba 8880), depth: 24, stencil: 8, acc: 0000, samples: 2/1
display  D   display_settings.c:377  _al_score_display_settings       [   0.02676] Single Buffer requirement not met.
display  D   display_settings.c:191  debug_display_settings           [   0.02677] color: 32 (rgba 8880), depth: 24, stencil: 8, acc: 0000, samples: 3/1
display  D   display_settings.c:377  _al_score_display_settings       [   0.02678] Single Buffer requirement not met.
display  D   display_settings.c:191  debug_display_settings           [   0.02679] color: 32 (rgba 8880), depth: 24, stencil: 0, acc: 0000, samples: 0/0
display  D   display_settings.c:377  _al_score_display_settings       [   0.02680] Single Buffer requirement not met.
display  D   display_settings.c:191  debug_display_settings           [   0.02681] color: 32 (rgba 8880), depth: 24, stencil: 0, acc: 0000, samples: 0/0
display  D   display_settings.c:377  _al_score_display_settings       [   0.02682] Single Buffer requirement not met.
display  D   display_settings.c:191  debug_display_settings           [   0.02683] color: 32 (rgba 8880), depth: 24, stencil: 0, acc: 0000, samples: 2/1
display  D   display_settings.c:377  _al_score_display_settings       [   0.02684] Single Buffer requirement not met.
display  D   display_settings.c:191  debug_display_settings           [   0.02685] color: 32 (rgba 8880), depth: 24, stencil: 0, acc: 0000, samples: 3/1
display  D   display_settings.c:377  _al_score_display_settings       [   0.02686] Single Buffer requirement not met.
display  D   display_settings.c:191  debug_display_settings           [   0.02686] color: 32 (rgba 8880), depth: 16, stencil: 0, acc: 0000, samples: 0/0
display  D   display_settings.c:377  _al_score_display_settings       [   0.02687] Single Buffer requirement not met.
display  D   display_settings.c:191  debug_display_settings           [   0.02688] color: 32 (rgba 8880), depth: 16, stencil: 0, acc: 0000, samples: 0/0
display  D   display_settings.c:377  _al_score_display_settings       [   0.02689] Single Buffer requirement not met.
display  D   display_settings.c:191  debug_display_settings           [   0.02690] color: 32 (rgba 8880), depth: 16, stencil: 0, acc: 0000, samples: 2/1
display  D   display_settings.c:377  _al_score_display_settings       [   0.02691] Single Buffer requirement not met.
display  D   display_settings.c:191  debug_display_settings           [   0.02692] color: 32 (rgba 8880), depth: 16, stencil: 0, acc: 0000, samples: 3/1
display  D   display_settings.c:377  _al_score_display_settings       [   0.02693] Single Buffer requirement not met.
display  D   display_settings.c:191  debug_display_settings           [   0.02694] color: 16 (rgba 5650), depth: 0, stencil: 0, acc: 0000, samples: 0/0
display  D   display_settings.c:377  _al_score_display_settings       [   0.02695] Single Buffer requirement not met.
display  D   display_settings.c:191  debug_display_settings           [   0.02696] color: 16 (rgba 5650), depth: 0, stencil: 0, acc: 0000, samples: 0/0
display  D   display_settings.c:377  _al_score_display_settings       [   0.02697] Single Buffer requirement not met.
display  D   display_settings.c:191  debug_display_settings           [   0.02697] color: 16 (rgba 5650), depth: 0, stencil: 0, acc: 0000, samples: 2/1
display  D   display_settings.c:377  _al_score_display_settings       [   0.02699] Single Buffer requirement not met.
display  D   display_settings.c:191  debug_display_settings           [   0.02699] color: 16 (rgba 5650), depth: 0, stencil: 0, acc: 0000, samples: 3/1
display  D   display_settings.c:377  _al_score_display_settings       [   0.02700] Single Buffer requirement not met.
display  D   display_settings.c:191  debug_display_settings           [   0.02701] color: 16 (rgba 5650), depth: 24, stencil: 8, acc: 0000, samples: 0/0
display  D   display_settings.c:377  _al_score_display_settings       [   0.02702] Single Buffer requirement not met.
display  D   display_settings.c:191  debug_display_settings           [   0.02703] color: 16 (rgba 5650), depth: 24, stencil: 8, acc: 0000, samples: 0/0
display  D   display_settings.c:377  _al_score_display_settings       [   0.02704] Single Buffer requirement not met.
display  D   display_settings.c:191  debug_display_settings           [   0.02705] color: 16 (rgba 5650), depth: 24, stencil: 8, acc: 0000, samples: 2/1
display  D   display_settings.c:377  _al_score_display_settings       [   0.02706] Single Buffer requirement not met.
display  D   display_settings.c:191  debug_display_settings           [   0.02708] color: 16 (rgba 5650), depth: 24, stencil: 8, acc: 0000, samples: 3/1
display  D   display_settings.c:377  _al_score_display_settings       [   0.02710] Single Buffer requirement not met.
display  D   display_settings.c:191  debug_display_settings           [   0.02711] color: 16 (rgba 5650), depth: 24, stencil: 0, acc: 0000, samples: 0/0
display  D   display_settings.c:377  _al_score_display_settings       [   0.02712] Single Buffer requirement not met.
display  D   display_settings.c:191  debug_display_settings           [   0.02712] color: 16 (rgba 5650), depth: 24, stencil: 0, acc: 0000, samples: 0/0
display  D   display_settings.c:377  _al_score_display_settings       [   0.02713] Single Buffer requirement not met.
display  D   display_settings.c:191  debug_display_settings           [   0.02714] color: 16 (rgba 5650), depth: 24, stencil: 0, acc: 0000, samples: 2/1
display  D   display_settings.c:377  _al_score_display_settings       [   0.02715] Single Buffer requirement not met.
display  D   display_settings.c:191  debug_display_settings           [   0.02716] color: 16 (rgba 5650), depth: 24, stencil: 0, acc: 0000, samples: 3/1
display  D   display_settings.c:377  _al_score_display_settings       [   0.02717] Single Buffer requirement not met.
display  D   display_settings.c:191  debug_display_settings           [   0.02718] color: 16 (rgba 5650), depth: 16, stencil: 0, acc: 0000, samples: 0/0
display  D   display_settings.c:377  _al_score_display_settings       [   0.02719] Single Buffer requirement not met.
display  D   display_settings.c:191  debug_display_settings           [   0.02720] color: 16 (rgba 5650), depth: 16, stencil: 0, acc: 0000, samples: 0/0
display  D   display_settings.c:377  _al_score_display_settings       [   0.02721] Single Buffer requirement not met.
display  D   display_settings.c:191  debug_display_settings           [   0.02722] color: 16 (rgba 5650), depth: 16, stencil: 0, acc: 0000, samples: 2/1
display  D   display_settings.c:377  _al_score_display_settings       [   0.02723] Single Buffer requirement not met.
display  D   display_settings.c:191  debug_display_settings           [   0.02723] color: 16 (rgba 5650), depth: 16, stencil: 0, acc: 0000, samples: 3/1
display  D   display_settings.c:377  _al_score_display_settings       [   0.02725] Single Buffer requirement not met.
display  D   display_settings.c:191  debug_display_settings           [   0.02725] color: 32 (rgba 8880), depth: 0, stencil: 0, acc: 0000, samples: 0/0
display  D   display_settings.c:506  _al_score_display_settings       [   0.02726] Score is : 769
display  D   display_settings.c:191  debug_display_settings           [   0.02727] color: 32 (rgba 8880), depth: 0, stencil: 0, acc: 0000, samples: 0/0
display  D   display_settings.c:506  _al_score_display_settings       [   0.02728] Score is : 769
display  D   display_settings.c:191  debug_display_settings           [   0.02729] color: 32 (rgba 8880), depth: 0, stencil: 0, acc: 0000, samples: 2/1
display  D   display_settings.c:506  _al_score_display_settings       [   0.02731] Score is : 598
display  D   display_settings.c:191  debug_display_settings           [   0.02732] color: 32 (rgba 8880), depth: 0, stencil: 0, acc: 0000, samples: 3/1
display  D   display_settings.c:506  _al_score_display_settings       [   0.02733] Score is : 593
display  D   display_settings.c:191  debug_display_settings           [   0.02734] color: 32 (rgba 8880), depth: 24, stencil: 8, acc: 0000, samples: 0/0
display  D   display_settings.c:506  _al_score_display_settings       [   0.02736] Score is : 769
display  D   display_settings.c:191  debug_display_settings           [   0.02737] color: 32 (rgba 8880), depth: 24, stencil: 8, acc: 0000, samples: 0/0
display  D   display_settings.c:506  _al_score_display_settings       [   0.02738] Score is : 769
display  D   display_settings.c:191  debug_display_settings           [   0.02739] color: 32 (rgba 8880), depth: 24, stencil: 8, acc: 0000, samples: 2/1
display  D   display_settings.c:506  _al_score_display_settings       [   0.02740] Score is : 598
display  D   display_settings.c:191  debug_display_settings           [   0.02741] color: 32 (rgba 8880), depth: 24, stencil: 8, acc: 0000, samples: 3/1
display  D   display_settings.c:506  _al_score_display_settings       [   0.02742] Score is : 593
display  D   display_settings.c:191  debug_display_settings           [   0.02743] color: 32 (rgba 8880), depth: 24, stencil: 0, acc: 0000, samples: 0/0
display  D   display_settings.c:506  _al_score_display_settings       [   0.02744] Score is : 769
display  D   display_settings.c:191  debug_display_settings           [   0.02744] color: 32 (rgba 8880), depth: 24, stencil: 0, acc: 0000, samples: 0/0
display  D   display_settings.c:506  _al_score_display_settings       [   0.02745] Score is : 769
display  D   display_settings.c:191  debug_display_settings           [   0.02746] color: 32 (rgba 8880), depth: 24, stencil: 0, acc: 0000, samples: 2/1
display  D   display_settings.c:506  _al_score_display_settings       [   0.02747] Score is : 598
display  D   display_settings.c:191  debug_display_settings           [   0.02748] color: 32 (rgba 8880), depth: 24, stencil: 0, acc: 0000, samples: 3/1
display  D   display_settings.c:506  _al_score_display_settings       [   0.02749] Score is : 593
display  D   display_settings.c:191  debug_display_settings           [   0.02750] color: 32 (rgba 8880), depth: 16, stencil: 0, acc: 0000, samples: 0/0
display  D   display_settings.c:506  _al_score_display_settings       [   0.02751] Score is : 769
display  D   display_settings.c:191  debug_display_settings           [   0.02752] color: 32 (rgba 8880), depth: 16, stencil: 0, acc: 0000, samples: 0/0
display  D   display_settings.c:506  _al_score_display_settings       [   0.02753] Score is : 769
display  D   display_settings.c:191  debug_display_settings           [   0.02753] color: 32 (rgba 8880), depth: 16, stencil: 0, acc: 0000, samples: 2/1
display  D   display_settings.c:506  _al_score_display_settings       [   0.02754] Score is : 598
display  D   display_settings.c:191  debug_display_settings           [   0.02755] color: 32 (rgba 8880), depth: 16, stencil: 0, acc: 0000, samples: 3/1
display  D   display_settings.c:506  _al_score_display_settings       [   0.02756] Score is : 593
display  D   display_settings.c:191  debug_display_settings           [   0.02757] color: 16 (rgba 5650), depth: 0, stencil: 0, acc: 0000, samples: 0/0
display  D   display_settings.c:506  _al_score_display_settings       [   0.02758] Score is : 769
display  D   display_settings.c:191  debug_display_settings           [   0.02759] color: 16 (rgba 5650), depth: 0, stencil: 0, acc: 0000, samples: 0/0
display  D   display_settings.c:506  _al_score_display_settings       [   0.02760] Score is : 769
display  D   display_settings.c:191  debug_display_settings           [   0.02761] color: 16 (rgba 5650), depth: 0, stencil: 0, acc: 0000, samples: 2/1
display  D   display_settings.c:506  _al_score_display_settings       [   0.02762] Score is : 598
display  D   display_settings.c:191  debug_display_settings           [   0.02762] color: 16 (rgba 5650), depth: 0, stencil: 0, acc: 0000, samples: 3/1
display  D   display_settings.c:506  _al_score_display_settings       [   0.02763] Score is : 593
display  D   display_settings.c:191  debug_display_settings           [   0.02764] color: 16 (rgba 5650), depth: 24, stencil: 8, acc: 0000, samples: 0/0
display  D   display_settings.c:506  _al_score_display_settings       [   0.02765] Score is : 769
display  D   display_settings.c:191  debug_display_settings           [   0.02766] color: 16 (rgba 5650), depth: 24, stencil: 8, acc: 0000, samples: 0/0
display  D   display_settings.c:506  _al_score_display_settings       [   0.02767] Score is : 769
display  D   display_settings.c:191  debug_display_settings           [   0.02768] color: 16 (rgba 5650), depth: 24, stencil: 8, acc: 0000, samples: 2/1
display  D   display_settings.c:506  _al_score_display_settings       [   0.02769] Score is : 598
display  D   display_settings.c:191  debug_display_settings           [   0.02770] color: 16 (rgba 5650), depth: 24, stencil: 8, acc: 0000, samples: 3/1
display  D   display_settings.c:506  _al_score_display_settings       [   0.02771] Score is : 593
display  D   display_settings.c:191  debug_display_settings           [   0.02771] color: 16 (rgba 5650), depth: 24, stencil: 0, acc: 0000, samples: 0/0
display  D   display_settings.c:506  _al_score_display_settings       [   0.02773] Score is : 769
display  D   display_settings.c:191  debug_display_settings           [   0.02773] color: 16 (rgba 5650), depth: 24, stencil: 0, acc: 0000, samples: 0/0
display  D   display_settings.c:506  _al_score_display_settings       [   0.02774] Score is : 769
display  D   display_settings.c:191  debug_display_settings           [   0.02775] color: 16 (rgba 5650), depth: 24, stencil: 0, acc: 0000, samples: 2/1
display  D   display_settings.c:506  _al_score_display_settings       [   0.02776] Score is : 598
display  D   display_settings.c:191  debug_display_settings           [   0.02777] color: 16 (rgba 5650), depth: 24, stencil: 0, acc: 0000, samples: 3/1
display  D   display_settings.c:506  _al_score_display_settings       [   0.02778] Score is : 593
display  D   display_settings.c:191  debug_display_settings           [   0.02779] color: 16 (rgba 5650), depth: 16, stencil: 0, acc: 0000, samples: 0/0
display  D   display_settings.c:506  _al_score_display_settings       [   0.02780] Score is : 769
display  D   display_settings.c:191  debug_display_settings           [   0.02780] color: 16 (rgba 5650), depth: 16, stencil: 0, acc: 0000, samples: 0/0
display  D   display_settings.c:506  _al_score_display_settings       [   0.02781] Score is : 769
display  D   display_settings.c:191  debug_display_settings           [   0.02782] color: 16 (rgba 5650), depth: 16, stencil: 0, acc: 0000, samples: 2/1
display  D   display_settings.c:506  _al_score_display_settings       [   0.02783] Score is : 598
display  D   display_settings.c:191  debug_display_settings           [   0.02784] color: 16 (rgba 5650), depth: 16, stencil: 0, acc: 0000, samples: 3/1
display  D   display_settings.c:506  _al_score_display_settings       [   0.02785] Score is : 593
display  D   display_settings.c:191  debug_display_settings           [   0.02786] color: 32 (rgba 8880), depth: 0, stencil: 0, acc: 0000, samples: 0/0
display  D   display_settings.c:377  _al_score_display_settings       [   0.02787] Single Buffer requirement not met.
display  D   display_settings.c:191  debug_display_settings           [   0.02788] color: 32 (rgba 8880), depth: 0, stencil: 0, acc: 0000, samples: 0/0
display  D   display_settings.c:377  _al_score_display_settings       [   0.02789] Single Buffer requirement not met.
display  D   display_settings.c:191  debug_display_settings           [   0.02789] color: 32 (rgba 8880), depth: 0, stencil: 0, acc: 0000, samples: 2/1
display  D   display_settings.c:377  _al_score_display_settings       [   0.02790] Single Buffer requirement not met.
display  D   display_settings.c:191  debug_display_settings           [   0.02791] color: 32 (rgba 8880), depth: 0, stencil: 0, acc: 0000, samples: 3/1
display  D   display_settings.c:377  _al_score_display_settings       [   0.02792] Single Buffer requirement not met.
display  D   display_settings.c:191  debug_display_settings           [   0.02793] color: 32 (rgba 8880), depth: 24, stencil: 8, acc: 0000, samples: 0/0
display  D   display_settings.c:377  _al_score_display_settings       [   0.02794] Single Buffer requirement not met.
display  D   display_settings.c:191  debug_display_settings           [   0.02795] color: 32 (rgba 8880), depth: 24, stencil: 8, acc: 0000, samples: 0/0
display  D   display_settings.c:377  _al_score_display_settings       [   0.02796] Single Buffer requirement not met.
display  D   display_settings.c:191  debug_display_settings           [   0.02797] color: 32 (rgba 8880), depth: 24, stencil: 8, acc: 0000, samples: 2/1
display  D   display_settings.c:377  _al_score_display_settings       [   0.02798] Single Buffer requirement not met.
display  D   display_settings.c:191  debug_display_settings           [   0.02799] color: 32 (rgba 8880), depth: 24, stencil: 8, acc: 0000, samples: 3/1
display  D   display_settings.c:377  _al_score_display_settings       [   0.02800] Single Buffer requirement not met.
display  D   display_settings.c:191  debug_display_settings           [   0.02801] color: 32 (rgba 8880), depth: 24, stencil: 0, acc: 0000, samples: 0/0
display  D   display_settings.c:377  _al_score_display_settings       [   0.02802] Single Buffer requirement not met.
display  D   display_settings.c:191  debug_display_settings           [   0.02802] color: 32 (rgba 8880), depth: 24, stencil: 0, acc: 0000, samples: 0/0
display  D   display_settings.c:377  _al_score_display_settings       [   0.02804] Single Buffer requirement not met.
display  D   display_settings.c:191  debug_display_settings           [   0.02804] color: 32 (rgba 8880), depth: 24, stencil: 0, acc: 0000, samples: 2/1
display  D   display_settings.c:377  _al_score_display_settings       [   0.02805] Single Buffer requirement not met.
display  D   display_settings.c:191  debug_display_settings           [   0.02806] color: 32 (rgba 8880), depth: 24, stencil: 0, acc: 0000, samples: 3/1
display  D   display_settings.c:377  _al_score_display_settings       [   0.02807] Single Buffer requirement not met.
display  D   display_settings.c:191  debug_display_settings           [   0.02808] color: 32 (rgba 8880), depth: 16, stencil: 0, acc: 0000, samples: 0/0
display  D   display_settings.c:377  _al_score_display_settings       [   0.02809] Single Buffer requirement not met.
display  D   display_settings.c:191  debug_display_settings           [   0.02810] color: 32 (rgba 8880), depth: 16, stencil: 0, acc: 0000, samples: 0/0
display  D   display_settings.c:377  _al_score_display_settings       [   0.02811] Single Buffer requirement not met.
display  D   display_settings.c:191  debug_display_settings           [   0.02812] color: 32 (rgba 8880), depth: 16, stencil: 0, acc: 0000, samples: 2/1
display  D   display_settings.c:377  _al_score_display_settings       [   0.02813] Single Buffer requirement not met.
display  D   display_settings.c:191  debug_display_settings           [   0.02814] color: 32 (rgba 8880), depth: 16, stencil: 0, acc: 0000, samples: 3/1
display  D   display_settings.c:377  _al_score_display_settings       [   0.02815] Single Buffer requirement not met.
display  D   display_settings.c:191  debug_display_settings           [   0.02815] color: 16 (rgba 5650), depth: 0, stencil: 0, acc: 0000, samples: 0/0
display  D   display_settings.c:377  _al_score_display_settings       [   0.02816] Single Buffer requirement not met.
display  D   display_settings.c:191  debug_display_settings           [   0.02817] color: 16 (rgba 5650), depth: 0, stencil: 0, acc: 0000, samples: 0/0
display  D   display_settings.c:377  _al_score_display_settings       [   0.02818] Single Buffer requirement not met.
display  D   display_settings.c:191  debug_display_settings           [   0.02819] color: 16 (rgba 5650), depth: 0, stencil: 0, acc: 0000, samples: 2/1
display  D   display_settings.c:377  _al_score_display_settings       [   0.02820] Single Buffer requirement not met.
display  D   display_settings.c:191  debug_display_settings           [   0.02821] color: 16 (rgba 5650), depth: 0, stencil: 0, acc: 0000, samples: 3/1
display  D   display_settings.c:377  _al_score_display_settings       [   0.02822] Single Buffer requirement not met.
display  D   display_settings.c:191  debug_display_settings           [   0.02823] color: 16 (rgba 5650), depth: 24, stencil: 8, acc: 0000, samples: 0/0
display  D   display_settings.c:377  _al_score_display_settings       [   0.02824] Single Buffer requirement not met.
display  D   display_settings.c:191  debug_display_settings           [   0.02825] color: 16 (rgba 5650), depth: 24, stencil: 8, acc: 0000, samples: 0/0
display  D   display_settings.c:377  _al_score_display_settings       [   0.02827] Single Buffer requirement not met.
display  D   display_settings.c:191  debug_display_settings           [   0.02828] color: 16 (rgba 5650), depth: 24, stencil: 8, acc: 0000, samples: 2/1
display  D   display_settings.c:377  _al_score_display_settings       [   0.02829] Single Buffer requirement not met.
display  D   display_settings.c:191  debug_display_settings           [   0.02831] color: 16 (rgba 5650), depth: 24, stencil: 8, acc: 0000, samples: 3/1
display  D   display_settings.c:377  _al_score_display_settings       [   0.02832] Single Buffer requirement not met.
display  D   display_settings.c:191  debug_display_settings           [   0.02832] color: 16 (rgba 5650), depth: 24, stencil: 0, acc: 0000, samples: 0/0
display  D   display_settings.c:377  _al_score_display_settings       [   0.02833] Single Buffer requirement not met.
display  D   display_settings.c:191  debug_display_settings           [   0.02834] color: 16 (rgba 5650), depth: 24, stencil: 0, acc: 0000, samples: 0/0
display  D   display_settings.c:377  _al_score_display_settings       [   0.02835] Single Buffer requirement not met.
display  D   display_settings.c:191  debug_display_settings           [   0.02836] color: 16 (rgba 5650), depth: 24, stencil: 0, acc: 0000, samples: 2/1
display  D   display_settings.c:377  _al_score_display_settings       [   0.02837] Single Buffer requirement not met.
display  D   display_settings.c:191  debug_display_settings           [   0.02838] color: 16 (rgba 5650), depth: 24, stencil: 0, acc: 0000, samples: 3/1
display  D   display_settings.c:377  _al_score_display_settings       [   0.02839] Single Buffer requirement not met.
display  D   display_settings.c:191  debug_display_settings           [   0.02840] color: 16 (rgba 5650), depth: 16, stencil: 0, acc: 0000, samples: 0/0
display  D   display_settings.c:377  _al_score_display_settings       [   0.02841] Single Buffer requirement not met.
display  D   display_settings.c:191  debug_display_settings           [   0.02842] color: 16 (rgba 5650), depth: 16, stencil: 0, acc: 0000, samples: 0/0
display  D   display_settings.c:377  _al_score_display_settings       [   0.02843] Single Buffer requirement not met.
display  D   display_settings.c:191  debug_display_settings           [   0.02844] color: 16 (rgba 5650), depth: 16, stencil: 0, acc: 0000, samples: 2/1
display  D   display_settings.c:377  _al_score_display_settings       [   0.02845] Single Buffer requirement not met.
display  D   display_settings.c:191  debug_display_settings           [   0.02845] color: 16 (rgba 5650), depth: 16, stencil: 0, acc: 0000, samples: 3/1
display  D   display_settings.c:377  _al_score_display_settings       [   0.02846] Single Buffer requirement not met.
d3d      D         d3d_disp.cpp:1640 d3d_create_display_internals     [   0.02849] Trying format 0.
d3d      I         d3d_disp.cpp:1325 d3d_display_thread_proc          [   0.02862] Chose a display format: 23
d3d      I         d3d_disp.cpp:1394 d3d_display_thread_proc          [   0.02864] Normal window.
d3d      I         d3d_disp.cpp:800  d3d_create_device                [   0.05002] Using no depth stencil buffer
d3d      D         d3d_disp.cpp:865  d3d_create_device                [   0.11613] BeginScene succeeded in create_device
d3d      D         d3d_disp.cpp:873  d3d_create_device                [   0.11615] Success
d3d      D         d3d_disp.cpp:1663 d3d_create_display_internals     [   0.11619] Resumed after wait.
d3d      I         d3d_disp.cpp:1696 d3d_create_display_internals     [   0.11624] Format 0 succeeded.
d3d      D         d3d_disp.cpp:1719 d3d_create_display_internals     [   0.11626] Returning d3d_display: 0079D820
d3d      D         d3d_disp.cpp:1744 d3d_create_display_locked        [   0.11627] al_display=0079D820
d3d      D         d3d_disp.cpp:1745 d3d_create_display_locked        [   0.11627] al_display->vt=0076DB70
dtor     D               dtor.c:184  _al_register_destructor          [   0.11743] added dtor for object 007F4FC8, func 592624BE
dtor     D               dtor.c:184  _al_register_destructor          [   0.11745] added dtor for object 007F5098, func 592624BE
dtor     D               dtor.c:184  _al_register_destructor          [   0.11747] added dtor for object 007F5168, func 5926278E
d3d      D         d3d_disp.cpp:1165 real_choose_bitmap_format        [   0.11813] Fake format
d3d      D         d3d_disp.cpp:1165 real_choose_bitmap_format        [   0.11814] Fake format
d3d      D         d3d_disp.cpp:1165 real_choose_bitmap_format        [   0.11815] Fake format
d3d      D         d3d_disp.cpp:1165 real_choose_bitmap_format        [   0.11816] Fake format
d3d      D         d3d_disp.cpp:1165 real_choose_bitmap_format        [   0.11817] Fake format
d3d      D         d3d_disp.cpp:1165 real_choose_bitmap_format        [   0.11818] Fake format
d3d      D         d3d_disp.cpp:1165 real_choose_bitmap_format        [   0.11818] Fake format
d3d      D         d3d_disp.cpp:1165 real_choose_bitmap_format        [   0.11819] Fake format
d3d      D         d3d_disp.cpp:1165 real_choose_bitmap_format        [   0.11820] Fake format
d3d      D         d3d_disp.cpp:1173 real_choose_bitmap_format        [   0.11820] Alpha doesn't match
d3d      D         d3d_disp.cpp:1180 real_choose_bitmap_format        [   0.11821] Adapter format is 23
d3d      D         d3d_disp.cpp:1183 real_choose_bitmap_format        [   0.11822] Found a format
d3d      I         d3d_disp.cpp:2289 _al_d3d_create_bitmap            [   0.11823] Chose bitmap format 9
dtor     D               dtor.c:184  _al_register_destructor          [   0.11843] added dtor for object 062D5108, func 59262581
d3d      D          d3d_bmp.cpp:455  _al_d3d_sync_bitmap              [   0.12128] _al_d3d_sync_bitmap (system) ref count == 1
d3d      D          d3d_bmp.cpp:460  _al_d3d_sync_bitmap              [   0.12131] _al_d3d_sync_bitmap (video) ref count == 1
d3d      D          d3d_bmp.cpp:455  _al_d3d_sync_bitmap              [   0.13808] _al_d3d_sync_bitmap (system) ref count == 1
d3d      D          d3d_bmp.cpp:460  _al_d3d_sync_bitmap              [   0.13811] _al_d3d_sync_bitmap (video) ref count == 1
dtor     D               dtor.c:214  _al_unregister_destructor        [  13.45338] removed dtor for object 062D5108
d3d      I         d3d_disp.cpp:920  d3d_destroy_display              [  13.45358] destroying display 0079D820 (current 00000000)
d3d      D         d3d_disp.cpp:904  d3d_destroy_display_internals    [  13.45361] waiting for display 0079D820's thread to end
d3d      W         d3d_disp.cpp:616  d3d_destroy_device               [  13.46672] d3d_destroy_device: ref count not 0
d3d      I         d3d_disp.cpp:1522 d3d_display_thread_proc          [  13.48558] d3d display thread exits
dtor     D               dtor.c:114  _al_run_destructors              [  13.48597] calling dtor for object 007F5168, func 5926278E
dtor     D               dtor.c:214  _al_unregister_destructor        [  13.48600] removed dtor for object 007F5168
dtor     D               dtor.c:114  _al_run_destructors              [  13.48603] calling dtor for object 007F5098, func 592624BE
dtor     D               dtor.c:214  _al_unregister_destructor        [  13.48606] removed dtor for object 007F5098
dtor     D               dtor.c:114  _al_run_destructors              [  13.48609] calling dtor for object 007F4FC8, func 592624BE
dtor     D               dtor.c:214  _al_unregister_destructor        [  13.48799] removed dtor for object 007F4FC8
audio-dsound D           dsound.cpp:279  _dsound_close                    [  13.48804] Releasing device
audio-dsound D           dsound.cpp:281  _dsound_close                    [  13.48915] Released device
audio-dsound I           dsound.cpp:284  _dsound_close                    [  13.48919] DirectSound closed
